<?xml version="1.0" encoding="UTF-8"?>
<testsuite xmlns:xsi="http://www.w3.org/2001/XMLSchema-instance" xsi:noNamespaceSchemaLocation="https://maven.apache.org/surefire/maven-surefire-plugin/xsd/surefire-test-report-3.0.xsd" version="3.0" name="TestSuite" time="43.331" tests="19" errors="0" skipped="0" failures="0">
  <properties>
[...]
</properties>
  <testcase name="runScenario[&quot;Validate Authentication External Login API with valid credentials for multiple user&quot;, &quot;Optional[Authentication External Login API]&quot;](1)" classname="scriptRunner.externalLoginAPIRunner" time="2.548">
    <system-out><![CDATA[
Scenario Outline: Validate Authentication External Login API with valid credentials for multiple user  # src/test/resources/features/externalLogin.feature:15
  Given I enter username as "mob_user_2" and password as "Maersk@6"                                    # com.maersk.definations.externalLoginDefinations.setCredentials_AuthenticationExternalLoginAPI(java.lang.String,java.lang.String)
Request method:	POST
Request URI:	https://api-stage.maersk.com/shipmentmobile/security/authentication/external
Proxy:			<none>
Request params:	<none>
Query params:	<none>
Form params:	<none>
Path params:	<none>
Headers:		carrierCode=MAEU
				X-Requestor=K6 Shipment Mobile; 9feca62a49337fa9bfb9
				Consumer-Key=xSQt5NQjPGQOWasXuI19oKCALfJ7d4PP
				Accept=*/*
				Content-Type=application/json
Cookies:		<none>
Multiparts:		<none>
Body:
{
    "username": "mob_user_2",
    "password": "Maersk@6"
}
Response Status: 200
Response Body: {
    "result": "SUCCESS",
    "tokenId": "kNNEbyHzHuYuxdbd-a4d1nyJuik.*AAJTSQACMDIAAlNLABxpZWtjY1hsb2Z0dHZUckdxRnlUdm5mbWdPVEU9AAR0eXBlAANDVFMAAlMxAAIwNA..*",
    "authId": null,
    "multifactor": false
}
  When I send a POST request for Authentication External Login API with given credentials              # com.maersk.definations.externalLoginDefinations.sendPostRequest_AuthenticationExternalLoginAPI()
  Then I verify the status as "200" for given credentials                                              # com.maersk.definations.externalLoginDefinations.verifyStatusCode(java.lang.String)
  And I verify the result for Authentication External Login API as "SUCCESS" with given credentials    # com.maersk.definations.externalLoginDefinations.verifyResult_AuthenticationExternalLoginAPI(java.lang.String)
***************kNNEbyHzHuYuxdbd-a4d1nyJuik.*AAJTSQACMDIAAlNLABxpZWtjY1hsb2Z0dHZUckdxRnlUdm5mbWdPVEU9AAR0eXBlAANDVFMAAlMxAAIwNA..*
  And I want to get token_id from response of Authentication External Login API with given credentials # com.maersk.definations.externalLoginDefinations.getTokenId_AuthenticationExternalLoginAPI()
]]></system-out>
    <system-err><![CDATA[SLF4J: Failed to load class "org.slf4j.impl.StaticLoggerBinder".
SLF4J: Defaulting to no-operation (NOP) logger implementation
SLF4J: See http://www.slf4j.org/codes.html#StaticLoggerBinder for further details.
[Fatal Error] :1:1: Premature end of file.
Jul 09, 2025 12:17:18 PM com.aventstack.extentreports.config.external.XmlConfigLoader getConfigStore
SEVERE: Failed to load external configuration
org.xml.sax.SAXParseException; lineNumber: 1; columnNumber: 1; Premature end of file.
	at java.xml/com.sun.org.apache.xerces.internal.parsers.DOMParser.parse(DOMParser.java:262)
	at java.xml/com.sun.org.apache.xerces.internal.jaxp.DocumentBuilderImpl.parse(DocumentBuilderImpl.java:342)
	at java.xml/javax.xml.parsers.DocumentBuilder.parse(DocumentBuilder.java:122)
	at com.aventstack.extentreports.config.external.XmlConfigLoader.getConfigStore(XmlConfigLoader.java:61)
	at com.aventstack.extentreports.config.external.XmlConfigLoader.apply(XmlConfigLoader.java:46)
	at com.aventstack.extentreports.reporter.ExtentSparkReporter.loadXMLConfig(ExtentSparkReporter.java:96)
	at com.aventstack.extentreports.reporter.ExtentSparkReporter.loadXMLConfig(ExtentSparkReporter.java:101)
	at com.aventstack.extentreports.service.ExtentService$ExtentReportsLoader.attach(ExtentService.java:288)
	at com.aventstack.extentreports.service.ExtentService$ExtentReportsLoader.initSpark(ExtentService.java:243)
	at com.aventstack.extentreports.service.ExtentService$ExtentReportsLoader.createViaProperties(ExtentService.java:140)
	at com.aventstack.extentreports.service.ExtentService$ExtentReportsLoader.<clinit>(ExtentService.java:118)
	at com.aventstack.extentreports.service.ExtentService.getInstance(ExtentService.java:38)
	at com.aventstack.extentreports.cucumber.adapter.ExtentCucumberAdapter.<init>(ExtentCucumberAdapter.java:141)
	at java.base/jdk.internal.reflect.NativeConstructorAccessorImpl.newInstance0(Native Method)
	at java.base/jdk.internal.reflect.NativeConstructorAccessorImpl.newInstance(NativeConstructorAccessorImpl.java:77)
	at java.base/jdk.internal.reflect.DelegatingConstructorAccessorImpl.newInstance(DelegatingConstructorAccessorImpl.java:45)
	at java.base/java.lang.reflect.Constructor.newInstanceWithCaller(Constructor.java:499)
	at java.base/java.lang.reflect.Constructor.newInstance(Constructor.java:480)
	at io.cucumber.core.plugin.PluginFactory.newInstance(PluginFactory.java:116)
	at io.cucumber.core.plugin.PluginFactory.instantiate(PluginFactory.java:99)
	at io.cucumber.core.plugin.PluginFactory.create(PluginFactory.java:63)
	at io.cucumber.core.plugin.Plugins.createPlugins(Plugins.java:32)
	at io.cucumber.core.plugin.Plugins.<init>(Plugins.java:25)
	at io.cucumber.testng.TestNGCucumberRunner.<init>(TestNGCucumberRunner.java:92)
	at io.cucumber.testng.AbstractTestNGCucumberTests.setUpClass(AbstractTestNGCucumberTests.java:23)
	at java.base/jdk.internal.reflect.NativeMethodAccessorImpl.invoke0(Native Method)
	at java.base/jdk.internal.reflect.NativeMethodAccessorImpl.invoke(NativeMethodAccessorImpl.java:77)
	at java.base/jdk.internal.reflect.DelegatingMethodAccessorImpl.invoke(DelegatingMethodAccessorImpl.java:43)
	at java.base/java.lang.reflect.Method.invoke(Method.java:568)
	at org.testng.internal.invokers.MethodInvocationHelper.invokeMethod(MethodInvocationHelper.java:139)
	at org.testng.internal.invokers.MethodInvocationHelper.invokeMethodConsideringTimeout(MethodInvocationHelper.java:69)
	at org.testng.internal.invokers.ConfigInvoker.invokeConfigurationMethod(ConfigInvoker.java:390)
	at org.testng.internal.invokers.ConfigInvoker.invokeConfigurations(ConfigInvoker.java:325)
	at org.testng.internal.invokers.TestMethodWorker.invokeBeforeClassMethods(TestMethodWorker.java:180)
	at org.testng.internal.invokers.TestMethodWorker.run(TestMethodWorker.java:122)
	at java.base/java.util.ArrayList.forEach(ArrayList.java:1511)
	at org.testng.TestRunner.privateRun(TestRunner.java:848)
	at org.testng.TestRunner.run(TestRunner.java:621)
	at org.testng.SuiteRunner.runTest(SuiteRunner.java:443)
	at org.testng.SuiteRunner.runSequentially(SuiteRunner.java:437)
	at org.testng.SuiteRunner.privateRun(SuiteRunner.java:397)
	at org.testng.SuiteRunner.run(SuiteRunner.java:336)
	at org.testng.SuiteRunnerWorker.runSuite(SuiteRunnerWorker.java:52)
	at org.testng.SuiteRunnerWorker.run(SuiteRunnerWorker.java:95)
	at org.testng.TestNG.runSuitesSequentially(TestNG.java:1280)
	at org.testng.TestNG.runSuitesLocally(TestNG.java:1200)
	at org.testng.TestNG.runSuites(TestNG.java:1114)
	at org.testng.TestNG.run(TestNG.java:1082)
	at org.apache.maven.surefire.testng.TestNGExecutor.run(TestNGExecutor.java:284)
	at org.apache.maven.surefire.testng.TestNGXmlTestSuite.execute(TestNGXmlTestSuite.java:75)
	at org.apache.maven.surefire.testng.TestNGProvider.invoke(TestNGProvider.java:119)
	at org.apache.maven.surefire.booter.ForkedBooter.runSuitesInProcess(ForkedBooter.java:428)
	at org.apache.maven.surefire.booter.ForkedBooter.execute(ForkedBooter.java:162)
	at org.apache.maven.surefire.booter.ForkedBooter.run(ForkedBooter.java:562)
	at org.apache.maven.surefire.booter.ForkedBooter.main(ForkedBooter.java:548)

java.lang.NullPointerException: Cannot invoke "com.aventstack.extentreports.config.ConfigStore.getStore()" because "store" is null
	at com.aventstack.extentreports.config.external.XmlConfigLoader.apply(XmlConfigLoader.java:48)
	at com.aventstack.extentreports.reporter.ExtentSparkReporter.loadXMLConfig(ExtentSparkReporter.java:96)
	at com.aventstack.extentreports.reporter.ExtentSparkReporter.loadXMLConfig(ExtentSparkReporter.java:101)
	at com.aventstack.extentreports.service.ExtentService$ExtentReportsLoader.attach(ExtentService.java:288)
	at com.aventstack.extentreports.service.ExtentService$ExtentReportsLoader.initSpark(ExtentService.java:243)
	at com.aventstack.extentreports.service.ExtentService$ExtentReportsLoader.createViaProperties(ExtentService.java:140)
	at com.aventstack.extentreports.service.ExtentService$ExtentReportsLoader.<clinit>(ExtentService.java:118)
	at com.aventstack.extentreports.service.ExtentService.getInstance(ExtentService.java:38)
	at com.aventstack.extentreports.cucumber.adapter.ExtentCucumberAdapter.<init>(ExtentCucumberAdapter.java:141)
	at java.base/jdk.internal.reflect.NativeConstructorAccessorImpl.newInstance0(Native Method)
	at java.base/jdk.internal.reflect.NativeConstructorAccessorImpl.newInstance(NativeConstructorAccessorImpl.java:77)
	at java.base/jdk.internal.reflect.DelegatingConstructorAccessorImpl.newInstance(DelegatingConstructorAccessorImpl.java:45)
	at java.base/java.lang.reflect.Constructor.newInstanceWithCaller(Constructor.java:499)
	at java.base/java.lang.reflect.Constructor.newInstance(Constructor.java:480)
	at io.cucumber.core.plugin.PluginFactory.newInstance(PluginFactory.java:116)
	at io.cucumber.core.plugin.PluginFactory.instantiate(PluginFactory.java:99)
	at io.cucumber.core.plugin.PluginFactory.create(PluginFactory.java:63)
	at io.cucumber.core.plugin.Plugins.createPlugins(Plugins.java:32)
	at io.cucumber.core.plugin.Plugins.<init>(Plugins.java:25)
	at io.cucumber.testng.TestNGCucumberRunner.<init>(TestNGCucumberRunner.java:92)
	at io.cucumber.testng.AbstractTestNGCucumberTests.setUpClass(AbstractTestNGCucumberTests.java:23)
	at java.base/jdk.internal.reflect.NativeMethodAccessorImpl.invoke0(Native Method)
	at java.base/jdk.internal.reflect.NativeMethodAccessorImpl.invoke(NativeMethodAccessorImpl.java:77)
	at java.base/jdk.internal.reflect.DelegatingMethodAccessorImpl.invoke(DelegatingMethodAccessorImpl.java:43)
	at java.base/java.lang.reflect.Method.invoke(Method.java:568)
	at org.testng.internal.invokers.MethodInvocationHelper.invokeMethod(MethodInvocationHelper.java:139)
	at org.testng.internal.invokers.MethodInvocationHelper.invokeMethodConsideringTimeout(MethodInvocationHelper.java:69)
	at org.testng.internal.invokers.ConfigInvoker.invokeConfigurationMethod(ConfigInvoker.java:390)
	at org.testng.internal.invokers.ConfigInvoker.invokeConfigurations(ConfigInvoker.java:325)
	at org.testng.internal.invokers.TestMethodWorker.invokeBeforeClassMethods(TestMethodWorker.java:180)
	at org.testng.internal.invokers.TestMethodWorker.run(TestMethodWorker.java:122)
	at java.base/java.util.ArrayList.forEach(ArrayList.java:1511)
	at org.testng.TestRunner.privateRun(TestRunner.java:848)
	at org.testng.TestRunner.run(TestRunner.java:621)
	at org.testng.SuiteRunner.runTest(SuiteRunner.java:443)
	at org.testng.SuiteRunner.runSequentially(SuiteRunner.java:437)
	at org.testng.SuiteRunner.privateRun(SuiteRunner.java:397)
	at org.testng.SuiteRunner.run(SuiteRunner.java:336)
	at org.testng.SuiteRunnerWorker.runSuite(SuiteRunnerWorker.java:52)
	at org.testng.SuiteRunnerWorker.run(SuiteRunnerWorker.java:95)
	at org.testng.TestNG.runSuitesSequentially(TestNG.java:1280)
	at org.testng.TestNG.runSuitesLocally(TestNG.java:1200)
	at org.testng.TestNG.runSuites(TestNG.java:1114)
	at org.testng.TestNG.run(TestNG.java:1082)
	at org.apache.maven.surefire.testng.TestNGExecutor.run(TestNGExecutor.java:284)
	at org.apache.maven.surefire.testng.TestNGXmlTestSuite.execute(TestNGXmlTestSuite.java:75)
	at org.apache.maven.surefire.testng.TestNGProvider.invoke(TestNGProvider.java:119)
	at org.apache.maven.surefire.booter.ForkedBooter.runSuitesInProcess(ForkedBooter.java:428)
	at org.apache.maven.surefire.booter.ForkedBooter.execute(ForkedBooter.java:162)
	at org.apache.maven.surefire.booter.ForkedBooter.run(ForkedBooter.java:562)
	at org.apache.maven.surefire.booter.ForkedBooter.main(ForkedBooter.java:548)
]]></system-err>
  </testcase>
  <testcase name="runScenario[&quot;Validate Authentication External Login API with valid credentials for multiple user&quot;, &quot;Optional[Authentication External Login API]&quot;](2)" classname="scriptRunner.externalLoginAPIRunner" time="0.71">
    <system-out><![CDATA[
Scenario Outline: Validate Authentication External Login API with valid credentials for multiple user  # src/test/resources/features/externalLogin.feature:16
  Given I enter username as "mob-3" and password as "Maersk@13"                                        # com.maersk.definations.externalLoginDefinations.setCredentials_AuthenticationExternalLoginAPI(java.lang.String,java.lang.String)
Request method:	POST
Request URI:	https://api-stage.maersk.com/shipmentmobile/security/authentication/external
Proxy:			<none>
Request params:	<none>
Query params:	<none>
Form params:	<none>
Path params:	<none>
Headers:		carrierCode=MAEU
				X-Requestor=K6 Shipment Mobile; 9feca62a49337fa9bfb9
				Consumer-Key=xSQt5NQjPGQOWasXuI19oKCALfJ7d4PP
				Accept=*/*
				Content-Type=application/json
Cookies:		<none>
Multiparts:		<none>
Body:
{
    "username": "mob-3",
    "password": "Maersk@13"
}
Response Status: 200
Response Body: {
    "result": "SUCCESS",
    "tokenId": "0L8oc4n-37JOusoCjnVvk2ebnt8.*AAJTSQACMDIAAlNLABw5UUhFb3B2b2t2aUhTT3poYi93bzl3Y3ZhZlU9AAR0eXBlAANDVFMAAlMxAAIwNA..*",
    "authId": null,
    "multifactor": false
}
  When I send a POST request for Authentication External Login API with given credentials              # com.maersk.definations.externalLoginDefinations.sendPostRequest_AuthenticationExternalLoginAPI()
  Then I verify the status as "200" for given credentials                                              # com.maersk.definations.externalLoginDefinations.verifyStatusCode(java.lang.String)
  And I verify the result for Authentication External Login API as "SUCCESS" with given credentials    # com.maersk.definations.externalLoginDefinations.verifyResult_AuthenticationExternalLoginAPI(java.lang.String)
***************0L8oc4n-37JOusoCjnVvk2ebnt8.*AAJTSQACMDIAAlNLABw5UUhFb3B2b2t2aUhTT3poYi93bzl3Y3ZhZlU9AAR0eXBlAANDVFMAAlMxAAIwNA..*
  And I want to get token_id from response of Authentication External Login API with given credentials # com.maersk.definations.externalLoginDefinations.getTokenId_AuthenticationExternalLoginAPI()
]]></system-out>
  </testcase>
  <testcase name="runScenario[&quot;Validate  Authentication External Login API with invalid credentials&quot;, &quot;Optional[Authentication External Login API]&quot;](3)" classname="scriptRunner.externalLoginAPIRunner" time="0.617">
    <system-out><![CDATA[
Scenario Outline: Validate  Authentication External Login API with invalid credentials                        # src/test/resources/features/externalLogin.feature:27
  Given I enter username as "mob_user_2" and password as "Maersk@7"                                           # com.maersk.definations.externalLoginDefinations.setCredentials_AuthenticationExternalLoginAPI(java.lang.String,java.lang.String)
Request method:	POST
Request URI:	https://api-stage.maersk.com/shipmentmobile/security/authentication/external
Proxy:			<none>
Request params:	<none>
Query params:	<none>
Form params:	<none>
Path params:	<none>
Headers:		carrierCode=MAEU
				X-Requestor=K6 Shipment Mobile; 9feca62a49337fa9bfb9
				Consumer-Key=xSQt5NQjPGQOWasXuI19oKCALfJ7d4PP
				Accept=*/*
				Content-Type=application/json
Cookies:		<none>
Multiparts:		<none>
Body:
{
    "username": "mob_user_2",
    "password": "Maersk@7"
}
Response Status: 401
Response Body: {
    "method": "POST",
    "requestUri": "/authentication/external",
    "status": 401,
    "timestamp": "09-07-2025 06:47:22",
    "message": "Invalid password",
    "debugMessage": "?error='Invalid Credentials'&error_description='Invalid Credentials'&attemptsLeft=4&errorCode=100008",
    "id": "0"
}
  When I send a POST request for Authentication External Login API with given credentials                     # com.maersk.definations.externalLoginDefinations.sendPostRequest_AuthenticationExternalLoginAPI()
  Then I verify the status as "401" for given credentials                                                     # com.maersk.definations.externalLoginDefinations.verifyStatusCode(java.lang.String)
  And I verify the message for Authentication External Login API as "Invalid password" with given credentials # com.maersk.definations.externalLoginDefinations.verifyMessage(java.lang.String)
]]></system-out>
  </testcase>
  <testcase name="runScenario[&quot;Validate  Authentication External Login API with invalid credentials&quot;, &quot;Optional[Authentication External Login API]&quot;](4)" classname="scriptRunner.externalLoginAPIRunner" time="0.923">
    <system-out><![CDATA[
Scenario Outline: Validate  Authentication External Login API with invalid credentials                        # src/test/resources/features/externalLogin.feature:28
  Given I enter username as "mob_user_21" and password as "Maersk@7"                                          # com.maersk.definations.externalLoginDefinations.setCredentials_AuthenticationExternalLoginAPI(java.lang.String,java.lang.String)
Request method:	POST
Request URI:	https://api-stage.maersk.com/shipmentmobile/security/authentication/external
Proxy:			<none>
Request params:	<none>
Query params:	<none>
Form params:	<none>
Path params:	<none>
Headers:		carrierCode=MAEU
				X-Requestor=K6 Shipment Mobile; 9feca62a49337fa9bfb9
				Consumer-Key=xSQt5NQjPGQOWasXuI19oKCALfJ7d4PP
				Accept=*/*
				Content-Type=application/json
Cookies:		<none>
Multiparts:		<none>
Body:
{
    "username": "mob_user_21",
    "password": "Maersk@7"
}
Response Status: 401
Response Body: {
    "method": "POST",
    "requestUri": "/authentication/external",
    "status": 401,
    "timestamp": "09-07-2025 06:47:23",
    "message": "Invalid username",
    "debugMessage": "?error='Invalid Credentials'&error_description='Invalid Credentials'&errorCode=100008",
    "id": "0"
}
  When I send a POST request for Authentication External Login API with given credentials                     # com.maersk.definations.externalLoginDefinations.sendPostRequest_AuthenticationExternalLoginAPI()
  Then I verify the status as "401" for given credentials                                                     # com.maersk.definations.externalLoginDefinations.verifyStatusCode(java.lang.String)
  And I verify the message for Authentication External Login API as "Invalid username" with given credentials # com.maersk.definations.externalLoginDefinations.verifyMessage(java.lang.String)
]]></system-out>
  </testcase>
  <testcase name="runScenario[&quot;Validate  Authentication External Login API with invalid credentials&quot;, &quot;Optional[Authentication External Login API]&quot;](5)" classname="scriptRunner.externalLoginAPIRunner" time="0.416">
    <system-out><![CDATA[
Scenario Outline: Validate  Authentication External Login API with invalid credentials                         # src/test/resources/features/externalLogin.feature:29
  Given I enter username as "" and password as "Maersk@7"                                                      # com.maersk.definations.externalLoginDefinations.setCredentials_AuthenticationExternalLoginAPI(java.lang.String,java.lang.String)
Request method:	POST
Request URI:	https://api-stage.maersk.com/shipmentmobile/security/authentication/external
Proxy:			<none>
Request params:	<none>
Query params:	<none>
Form params:	<none>
Path params:	<none>
Headers:		carrierCode=MAEU
				X-Requestor=K6 Shipment Mobile; 9feca62a49337fa9bfb9
				Consumer-Key=xSQt5NQjPGQOWasXuI19oKCALfJ7d4PP
				Accept=*/*
				Content-Type=application/json
Cookies:		<none>
Multiparts:		<none>
Body:
{
    "username": "",
    "password": "Maersk@7"
}
Response Status: 400
Response Body: {
    "method": "POST",
    "requestUri": "/authentication/external",
    "status": 400,
    "timestamp": "09-07-2025 06:47:23",
    "message": "Validation errors",
    "subErrors": [
        {
            "field": "username",
            "rejectedValue": "",
            "message": "must not be blank"
        }
    ],
    "id": "0"
}
  When I send a POST request for Authentication External Login API with given credentials                      # com.maersk.definations.externalLoginDefinations.sendPostRequest_AuthenticationExternalLoginAPI()
  Then I verify the status as "400" for given credentials                                                      # com.maersk.definations.externalLoginDefinations.verifyStatusCode(java.lang.String)
********************** field : username must not be blank
  And I verify the message for Authentication External Login API as "Validation errors" with given credentials # com.maersk.definations.externalLoginDefinations.verifyMessage(java.lang.String)
]]></system-out>
  </testcase>
  <testcase name="runScenario[&quot;Validate  Authentication External Login API with invalid credentials&quot;, &quot;Optional[Authentication External Login API]&quot;](6)" classname="scriptRunner.externalLoginAPIRunner" time="0.711">
    <system-out><![CDATA[
Scenario Outline: Validate  Authentication External Login API with invalid credentials                         # src/test/resources/features/externalLogin.feature:30
  Given I enter username as "mob_user_2" and password as ""                                                    # com.maersk.definations.externalLoginDefinations.setCredentials_AuthenticationExternalLoginAPI(java.lang.String,java.lang.String)
Request method:	POST
Request URI:	https://api-stage.maersk.com/shipmentmobile/security/authentication/external
Proxy:			<none>
Request params:	<none>
Query params:	<none>
Form params:	<none>
Path params:	<none>
Headers:		carrierCode=MAEU
				X-Requestor=K6 Shipment Mobile; 9feca62a49337fa9bfb9
				Consumer-Key=xSQt5NQjPGQOWasXuI19oKCALfJ7d4PP
				Accept=*/*
				Content-Type=application/json
Cookies:		<none>
Multiparts:		<none>
Body:
{
    "username": "mob_user_2",
    "password": ""
}
Response Status: 400
Response Body: {
    "method": "POST",
    "requestUri": "/authentication/external",
    "status": 400,
    "timestamp": "09-07-2025 06:47:24",
    "message": "Validation errors",
    "subErrors": [
        {
            "field": "password",
            "rejectedValue": "",
            "message": "must not be blank"
        }
    ],
    "id": "0"
}
  When I send a POST request for Authentication External Login API with given credentials                      # com.maersk.definations.externalLoginDefinations.sendPostRequest_AuthenticationExternalLoginAPI()
  Then I verify the status as "400" for given credentials                                                      # com.maersk.definations.externalLoginDefinations.verifyStatusCode(java.lang.String)
********************** field : password must not be blank
  And I verify the message for Authentication External Login API as "Validation errors" with given credentials # com.maersk.definations.externalLoginDefinations.verifyMessage(java.lang.String)
]]></system-out>
  </testcase>
  <testcase name="runScenario[&quot;Validate  Authentication External Login API with invalid credentials&quot;, &quot;Optional[Authentication External Login API]&quot;](7)" classname="scriptRunner.externalLoginAPIRunner" time="1.728">
    <system-out><![CDATA[
Scenario Outline: Validate  Authentication External Login API with invalid credentials                         # src/test/resources/features/externalLogin.feature:31
  Given I enter username as "" and password as ""                                                              # com.maersk.definations.externalLoginDefinations.setCredentials_AuthenticationExternalLoginAPI(java.lang.String,java.lang.String)
Request method:	POST
Request URI:	https://api-stage.maersk.com/shipmentmobile/security/authentication/external
Proxy:			<none>
Request params:	<none>
Query params:	<none>
Form params:	<none>
Path params:	<none>
Headers:		carrierCode=MAEU
				X-Requestor=K6 Shipment Mobile; 9feca62a49337fa9bfb9
				Consumer-Key=xSQt5NQjPGQOWasXuI19oKCALfJ7d4PP
				Accept=*/*
				Content-Type=application/json
Cookies:		<none>
Multiparts:		<none>
Body:
{
    "username": "",
    "password": ""
}
Response Status: 400
Response Body: {
    "method": "POST",
    "requestUri": "/authentication/external",
    "status": 400,
    "timestamp": "09-07-2025 06:47:26",
    "message": "Validation errors",
    "subErrors": [
        {
            "field": "password",
            "rejectedValue": "",
            "message": "must not be blank"
        },
        {
            "field": "username",
            "rejectedValue": "",
            "message": "must not be blank"
        }
    ],
    "id": "0"
}
  When I send a POST request for Authentication External Login API with given credentials                      # com.maersk.definations.externalLoginDefinations.sendPostRequest_AuthenticationExternalLoginAPI()
  Then I verify the status as "400" for given credentials                                                      # com.maersk.definations.externalLoginDefinations.verifyStatusCode(java.lang.String)
********************** field : password must not be blank
  And I verify the message for Authentication External Login API as "Validation errors" with given credentials # com.maersk.definations.externalLoginDefinations.verifyMessage(java.lang.String)
]]></system-out>
  </testcase>
  <testcase name="runScenario[&quot;Validate Authentication External Login API with valid credentials for single user&quot;, &quot;Optional[Authentication External Login API]&quot;](8)" classname="scriptRunner.externalLoginAPIRunner" time="1.235">
    <system-out><![CDATA[
Scenario Outline: Validate Authentication External Login API with valid credentials for single user    # src/test/resources/features/externalLogin.feature:43
  Given I enter username as "mob_user_2" and password as "Maersk@6"                                    # com.maersk.definations.externalLoginDefinations.setCredentials_AuthenticationExternalLoginAPI(java.lang.String,java.lang.String)
Request method:	POST
Request URI:	https://api-stage.maersk.com/shipmentmobile/security/authentication/external
Proxy:			<none>
Request params:	<none>
Query params:	<none>
Form params:	<none>
Path params:	<none>
Headers:		carrierCode=MAEU
				X-Requestor=K6 Shipment Mobile; 9feca62a49337fa9bfb9
				Consumer-Key=xSQt5NQjPGQOWasXuI19oKCALfJ7d4PP
				Accept=*/*
				Content-Type=application/json
Cookies:		<none>
Multiparts:		<none>
Body:
{
    "username": "mob_user_2",
    "password": "Maersk@6"
}
Response Status: 200
Response Body: {
    "result": "SUCCESS",
    "tokenId": "iGRGy500l6vx27Mmvtdpq75trp8.*AAJTSQACMDIAAlNLABxwNUNEOTlNQXlhZVc3RHlWUGJoTVBMODQvUTg9AAR0eXBlAANDVFMAAlMxAAIwNA..*",
    "authId": null,
    "multifactor": false
}
  When I send a POST request for Authentication External Login API with given credentials              # com.maersk.definations.externalLoginDefinations.sendPostRequest_AuthenticationExternalLoginAPI()
  Then I verify the status as "200" for given credentials                                              # com.maersk.definations.externalLoginDefinations.verifyStatusCode(java.lang.String)
***************iGRGy500l6vx27Mmvtdpq75trp8.*AAJTSQACMDIAAlNLABxwNUNEOTlNQXlhZVc3RHlWUGJoTVBMODQvUTg9AAR0eXBlAANDVFMAAlMxAAIwNA..*
  And I want to get token_id from response of Authentication External Login API with given credentials # com.maersk.definations.externalLoginDefinations.getTokenId_AuthenticationExternalLoginAPI()
]]></system-out>
  </testcase>
  <testcase name="runScenario[&quot;Validate Refresh Token Login API for successful token generation with a valid CustomerCode&quot;, &quot;Optional[Authentication External Login API]&quot;](9)" classname="scriptRunner.externalLoginAPIRunner" time="0.501">
    <system-out><![CDATA[
Scenario: Validate Refresh Token Login API for successful token generation with a valid CustomerCode                     # src/test/resources/features/externalLogin.feature:58
  Given I have a valid token_id and CustomerCode as "10000007951"                                                        # com.maersk.definations.externalLoginDefinations.settokenIdCustomerCode_ExternalTokenGenerationAPI(java.lang.String)
Request method:	POST
Request URI:	https://api-stage.maersk.com/shipmentmobile/security/tokens/external
Proxy:			<none>
Request params:	<none>
Query params:	<none>
Form params:	<none>
Path params:	<none>
Headers:		carrierCode=MAEU
				X-Requestor=K6 Shipment Mobile; 9feca62a49337fa9bfb9
				Consumer-Key=xSQt5NQjPGQOWasXuI19oKCALfJ7d4PP
				idToken=iGRGy500l6vx27Mmvtdpq75trp8.*AAJTSQACMDIAAlNLABxwNUNEOTlNQXlhZVc3RHlWUGJoTVBMODQvUTg9AAR0eXBlAANDVFMAAlMxAAIwNA..*
				Accept=*/*
				Content-Type=application/json
Cookies:		<none>
Multiparts:		<none>
Body:
{
    "customerCode": "10000007951"
}
Response Status: 200
Response Body: {
    "accessToken": "eyJ0eXAiOiJKV1QiLCJraWQiOiI4anlKRk93VFlWaFhYRDJIMS8wUEEwNGZLWUk9IiwiYWxnIjoiUlMyNTYifQ.eyJzdWIiOiJtb2JfdXNlcl8yIiwiY3RzIjoiT0FVVEgyX1NUQVRFTEVTU19HUkFOVCIsImF1dGhfbGV2ZWwiOjAsImF1ZGl0VHJhY2tpbmdJZCI6ImU0ZjU4ZjM2LTVhMWUtNDMyNy04ODUyLTg1ZDQ4YmNkM2VjMy0yMzcxOTc4Iiwic3VibmFtZSI6Im1vYl91c2VyXzIiLCJpc3MiOiJodHRwczovL2lhbS1zdGFnZS5tYWVyc2suY29tL2FjbS9vYXV0aDIvbWF1IiwidG9rZW5OYW1lIjoiYWNjZXNzX3Rva2VuIiwidG9rZW5fdHlwZSI6IkJlYXJlciIsImF1dGhHcmFudElkIjoiMmlfbkJOU2tDM0RqV2diTno5WTFGMEpJVzVzIiwibm9uY2UiOiJZRFpwMW9YUEFScmJVVUZpckw1cSIsImF1ZCI6Im1jYTAwMSIsIm5iZiI6MTc1MjA0MzY0NywiZ3JhbnRfdHlwZSI6ImF1dGhvcml6YXRpb25fY29kZSIsInNjb3BlIjpbIm9wZW5pZCIsInByb2ZpbGUiLCJlbWFpbCJdLCJhdXRoX3RpbWUiOjE3NTIwNDM2NDcsInJlYWxtIjoiL21hdSIsImV4cCI6MTc1MjA1MDg0NywiaWF0IjoxNzUyMDQzNjQ3LCJleHBpcmVzX2luIjo3MjAwLCJqdGkiOiJ3WDlfMmdvRHpxOHUxTS1DZ0lnWEpqTDVueTQiLCJ1c2VyVXVpZCI6ImU4Y2Q4MzNkLWU2MTktNGE4NC1hY2YwLWY1ZWNjMWM2YTY1YiIsImVtYWlsIjoiYWhtZXIuaGFzaG1pQG1hZXJzay5jb20iLCJhY2Nlc3NUeXBlIjoiZXh0ZXJuYWwifQ.GBOzYuH7aA-mSYqUnrgUH3Y3VHaLTmDk_F7Tqu9EgkRWch9RkzeJhyrcLgHLLq7IkZqm1gV61CNQqO1rJhpEM7XJwuiv75QGLgf_7qnfDKnJuojLsvyCZoa6EXlNGPowkToKI4A8Z8D-xozrUltOUMv2yCAC8VBWu6h5wHr-vAFyACf2AsKlu9TlIC-xx8aJuJGxu6f-QX6eTi8RoZqXwBz5jxa1VObnMkTp2p6Mlw0dVWxmgUBBb7AepbuhUchET3bZv4QLlyy4NotGrStAtz5aYPGe6p1NK1MYsJVXRa3dSBrpnzduSmGV2mJMWsnY4goWzAN9oB15PE5fUXU5YA",
    "idToken": "eyJ0eXAiOiJKV1QiLCJraWQiOiIzaTA5WlhQbE1PTEpCYXFnSHUxK3ZRc1AwOVU9IiwiYWxnIjoiUlMyNTYifQ.eyJhdF9oYXNoIjoiSWVkM1Z6X1dWMlB6U0sySklrak1HZyIsInN1YiI6Im1vYl91c2VyXzIiLCJmaXJzdG5hbWUiOiJBaG1lciIsImF1ZGl0VHJhY2tpbmdJZCI6ImU0ZjU4ZjM2LTVhMWUtNDMyNy04ODUyLTg1ZDQ4YmNkM2VjMy0yMzcxOTgwIiwicm9sZXMiOlsiSW52b2ljZXMiLCJDb250cmFjdFJhdGUiLCJCb29raW5nIiwiV0JPTEFwcHJvdmVyIiwiUGF5bWVudHMiLCJCYXNpY0N1c3RvbWVyIiwiRG9jdW1lbnRhdGlvbiJdLCJpc3MiOiJodHRwczovL2lhbS1zdGFnZS5tYWVyc2suY29tL2FjbS9vYXV0aDIvbWF1IiwidG9rZW5OYW1lIjoiaWRfdG9rZW4iLCJvZmZpY2UiOiJBYXJodXMgLSBESyIsImFjciI6IjAiLCJhenAiOiJtY2EwMDEiLCJhdXRoX3RpbWUiOjE3NTIwNDM2NDcsInBlcnNvbmlkIjoiMTAwMDA4ODE5MjQiLCJleHAiOjE3NTIwNTA4NDcsImlhdCI6MTc1MjA0MzY0NywiY3VzdG9tZXJfY29kZSI6IjEwMDAwMDA3OTUxIiwiZW1haWwiOiJhaG1lci5oYXNobWlAbWFlcnNrLmNvbSIsIm5vbmNlIjoiWURacDFvWFBBUnJiVVVGaXJMNXEiLCJsYXN0bmFtZSI6Ikhhc2htaSIsImF1ZCI6Im1jYTAwMSIsImNfaGFzaCI6InN3eW5qQWtNZEd0aDA1MWtCa3JTUHciLCJjYXJyaWVyIjoiTUFFVSIsInVzZXJVdWlkIjoiZThjZDgzM2QtZTYxOS00YTg0LWFjZjAtZjVlY2MxYzZhNjViIiwicmVhbG0iOiIvbWF1IiwidG9rZW5UeXBlIjoiSldUVG9rZW4iLCJ1c2VybmFtZSI6Im1vYl91c2VyXzIifQ.zWmCc7RrU1mN7eBCk0-IuxfwdgN13AUKB4fprAbY3-p8TU7TfZjliDt1l9qVKcDrX25nTgjNQRywolkQugQ3sGu6ub_GKfUHZGs0mXeyV46uKcET6xTO-HRluKMU194qdySGTYGxAM0w8q4TovzVCwdtOppEP5WWBU5I-prAm_Lh-bSHNzfd2w1Cwa3IQq-W9aYhPBloyVnYXkEmMy0-OLGpddWkkUBBEbxeA91mi412OiEi48gjA0-ICUup5c_IEYa5fjHuKNxIl77cwO8i-a_x3YpEhaPkeyTovSjBaqOFPT4uexdTGDL8EJbyK7qVG2ou_HjFMCCopxmaHFaaPwL0tyoT9PLMXOy5YpAsEz8hOkyv1ubTHIN8HPaUBwS5vLFuD3G-yc-2QR3U6-QaMZoE5oJpm5tdpj36dwFDfcH5POWbJUo4_N8Z-sfNiowLoXD9P8iatZJnAYZ4g7rdNSOgI7orl3mUwOQLXzDmDCLaxTfZdHIWKYOpvTpCpDru",
    "refreshToken": "eyJ0eXAiOiJKV1QiLCJraWQiOiI4anlKRk93VFlWaFhYRDJIMS8wUEEwNGZLWUk9IiwiYWxnIjoiUlMyNTYifQ.eyJzdWIiOiJtb2JfdXNlcl8yIiwiY3RzIjoiT0FVVEgyX1NUQVRFTEVTU19HUkFOVCIsImF1dGhfbGV2ZWwiOjAsImF1ZGl0VHJhY2tpbmdJZCI6ImU0ZjU4ZjM2LTVhMWUtNDMyNy04ODUyLTg1ZDQ4YmNkM2VjMy0yMzcxOTc5Iiwic3VibmFtZSI6Im1vYl91c2VyXzIiLCJpc3MiOiJodHRwczovL2lhbS1zdGFnZS5tYWVyc2suY29tL2FjbS9vYXV0aDIvbWF1IiwidG9rZW5OYW1lIjoicmVmcmVzaF90b2tlbiIsInRva2VuX3R5cGUiOiJCZWFyZXIiLCJhdXRoR3JhbnRJZCI6IjJpX25CTlNrQzNEaldnYk56OVkxRjBKSVc1cyIsImF1ZCI6Im1jYTAwMSIsImFjciI6IjAiLCJuYmYiOjE3NTIwNDM2NDcsImdyYW50X3R5cGUiOiJhdXRob3JpemF0aW9uX2NvZGUiLCJzY29wZSI6WyJvcGVuaWQiLCJwcm9maWxlIiwiZW1haWwiXSwiYXV0aF90aW1lIjoxNzUyMDQzNjQ3LCJyZWFsbSI6Ii9tYXUiLCJleHAiOjE3NTk5MzM2NDcsImlhdCI6MTc1MjA0MzY0NywiZXhwaXJlc19pbiI6Nzg5MDAwMCwianRpIjoiRTNwcktrdzFiSWJxUjNtbXQ0bEJma19rLVZJIn0.RDXti1TgfCsKQQ98K1X-H1oTgsNERSiVFPW_4zunwHZzQaY5fRP9jUh5SEmdZMfhKhswk4bph7fR548UO8HUVnljRYBJhb_A2rFIZQsoj7nNbSI34SdWJTQ8A37tJQ2jp6uHzyfoqUfJiUx92zniTiK3YJJ-ByW7hYaeR5tGaTioND5mmQCp7HKP1_Mw9beICBHuEtgvVbwDEHhGkwKLgG1W35f1jdoZ1uyFK7QuQFzZPR7YZGDO2FArVt9UV_AoSaMFt0xslxQHTZIJs0NvaUYojI96JT7iKXRDV60BeZ2KTigbhFFumf-UYF36piAHrmN4GLo6NSoTo_a3LUjNcw",
    "exp": "2025-07-09T08:47:27.000Z",
    "personId": null,
    "carrierOffice": null
}
  When I send a POST request for Refresh Token Login API endpoint with token_id and the CustomerCode in the request body # com.maersk.definations.externalLoginDefinations.sendPostRequest_ExternalTokenGenerationAPI()
  Then I verify the status as "200" for given credentials                                                                # com.maersk.definations.externalLoginDefinations.verifyStatusCode(java.lang.String)
***************eyJ0eXAiOiJKV1QiLCJraWQiOiIzaTA5WlhQbE1PTEpCYXFnSHUxK3ZRc1AwOVU9IiwiYWxnIjoiUlMyNTYifQ.eyJhdF9oYXNoIjoiSWVkM1Z6X1dWMlB6U0sySklrak1HZyIsInN1YiI6Im1vYl91c2VyXzIiLCJmaXJzdG5hbWUiOiJBaG1lciIsImF1ZGl0VHJhY2tpbmdJZCI6ImU0ZjU4ZjM2LTVhMWUtNDMyNy04ODUyLTg1ZDQ4YmNkM2VjMy0yMzcxOTgwIiwicm9sZXMiOlsiSW52b2ljZXMiLCJDb250cmFjdFJhdGUiLCJCb29raW5nIiwiV0JPTEFwcHJvdmVyIiwiUGF5bWVudHMiLCJCYXNpY0N1c3RvbWVyIiwiRG9jdW1lbnRhdGlvbiJdLCJpc3MiOiJodHRwczovL2lhbS1zdGFnZS5tYWVyc2suY29tL2FjbS9vYXV0aDIvbWF1IiwidG9rZW5OYW1lIjoiaWRfdG9rZW4iLCJvZmZpY2UiOiJBYXJodXMgLSBESyIsImFjciI6IjAiLCJhenAiOiJtY2EwMDEiLCJhdXRoX3RpbWUiOjE3NTIwNDM2NDcsInBlcnNvbmlkIjoiMTAwMDA4ODE5MjQiLCJleHAiOjE3NTIwNTA4NDcsImlhdCI6MTc1MjA0MzY0NywiY3VzdG9tZXJfY29kZSI6IjEwMDAwMDA3OTUxIiwiZW1haWwiOiJhaG1lci5oYXNobWlAbWFlcnNrLmNvbSIsIm5vbmNlIjoiWURacDFvWFBBUnJiVVVGaXJMNXEiLCJsYXN0bmFtZSI6Ikhhc2htaSIsImF1ZCI6Im1jYTAwMSIsImNfaGFzaCI6InN3eW5qQWtNZEd0aDA1MWtCa3JTUHciLCJjYXJyaWVyIjoiTUFFVSIsInVzZXJVdWlkIjoiZThjZDgzM2QtZTYxOS00YTg0LWFjZjAtZjVlY2MxYzZhNjViIiwicmVhbG0iOiIvbWF1IiwidG9rZW5UeXBlIjoiSldUVG9rZW4iLCJ1c2VybmFtZSI6Im1vYl91c2VyXzIifQ.zWmCc7RrU1mN7eBCk0-IuxfwdgN13AUKB4fprAbY3-p8TU7TfZjliDt1l9qVKcDrX25nTgjNQRywolkQugQ3sGu6ub_GKfUHZGs0mXeyV46uKcET6xTO-HRluKMU194qdySGTYGxAM0w8q4TovzVCwdtOppEP5WWBU5I-prAm_Lh-bSHNzfd2w1Cwa3IQq-W9aYhPBloyVnYXkEmMy0-OLGpddWkkUBBEbxeA91mi412OiEi48gjA0-ICUup5c_IEYa5fjHuKNxIl77cwO8i-a_x3YpEhaPkeyTovSjBaqOFPT4uexdTGDL8EJbyK7qVG2ou_HjFMCCopxmaHFaaPwL0tyoT9PLMXOy5YpAsEz8hOkyv1ubTHIN8HPaUBwS5vLFuD3G-yc-2QR3U6-QaMZoE5oJpm5tdpj36dwFDfcH5POWbJUo4_N8Z-sfNiowLoXD9P8iatZJnAYZ4g7rdNSOgI7orl3mUwOQLXzDmDCLaxTfZdHIWKYOpvTpCpDru
  And I want to get id_token from response of Refresh Token Login API with given credentials                             # com.maersk.definations.externalLoginDefinations.getIdToken_ExternalTokenGenerationAPI()
]]></system-out>
  </testcase>
  <testcase name="runScenario[&quot;Submit free time information with valid authorization and valid container number&quot;, &quot;Optional[Free time API]&quot;](1)" classname="scriptRunner.vasUpselAPIRunner" time="4.583">
    <system-out><![CDATA[
Scenario: Submit free time information with valid authorization and valid container number # src/test/resources/features/vasUpsell.feature:8
Request method:	POST
Request URI:	https://api-stage.maersk.com/shipmentmobile/security/authentication/external
Proxy:			<none>
Request params:	<none>
Query params:	<none>
Form params:	<none>
Path params:	<none>
Headers:		carrierCode=MAEU
				X-Requestor=K6 Shipment Mobile; 9feca62a49337fa9bfb9
				Consumer-Key=xSQt5NQjPGQOWasXuI19oKCALfJ7d4PP
				Accept=*/*
				Content-Type=application/json
Cookies:		<none>
Multiparts:		<none>
Body:
{
    "username": "mob_user_2",
    "password": "Maersk@6"
}
{
    "result": "SUCCESS",
    "tokenId": "ld9bplg4vGGGKLlIHjDfRCUFjmI.*AAJTSQACMDIAAlNLABwxdm1aczhVc08yRkkyQjJvaHRtWXl1UzJrcjg9AAR0eXBlAANDVFMAAlMxAAIwNQ..*",
    "authId": null,
    "multifactor": false
}
Request method:	POST
Request URI:	https://api-stage.maersk.com/shipmentmobile/security/tokens/external
Proxy:			<none>
Request params:	<none>
Query params:	<none>
Form params:	<none>
Path params:	<none>
Headers:		carrierCode=MAEU
				X-Requestor=K6 Shipment Mobile; 9feca62a49337fa9bfb9
				Consumer-Key=xSQt5NQjPGQOWasXuI19oKCALfJ7d4PP
				idToken=ld9bplg4vGGGKLlIHjDfRCUFjmI.*AAJTSQACMDIAAlNLABwxdm1aczhVc08yRkkyQjJvaHRtWXl1UzJrcjg9AAR0eXBlAANDVFMAAlMxAAIwNQ..*
				Accept=*/*
				Content-Type=application/json
Cookies:		<none>
Multiparts:		<none>
Body:
{
    "customerCode": "10000007951"
}
{
    "accessToken": "eyJ0eXAiOiJKV1QiLCJraWQiOiI4anlKRk93VFlWaFhYRDJIMS8wUEEwNGZLWUk9IiwiYWxnIjoiUlMyNTYifQ.eyJzdWIiOiJtb2JfdXNlcl8yIiwiY3RzIjoiT0FVVEgyX1NUQVRFTEVTU19HUkFOVCIsImF1dGhfbGV2ZWwiOjAsImF1ZGl0VHJhY2tpbmdJZCI6ImU0ZjU4ZjM2LTVhMWUtNDMyNy04ODUyLTg1ZDQ4YmNkM2VjMy0yMzcyMDIxIiwic3VibmFtZSI6Im1vYl91c2VyXzIiLCJpc3MiOiJodHRwczovL2lhbS1zdGFnZS5tYWVyc2suY29tL2FjbS9vYXV0aDIvbWF1IiwidG9rZW5OYW1lIjoiYWNjZXNzX3Rva2VuIiwidG9rZW5fdHlwZSI6IkJlYXJlciIsImF1dGhHcmFudElkIjoianZYRGVGdkFWd1lQTE5Wb2dqSnZyUlUwSmdBIiwibm9uY2UiOiIxcWdqN1ViT3JnVGZBZkdXNmIzYyIsImF1ZCI6Im1jYTAwMSIsIm5iZiI6MTc1MjA0MzY1MSwiZ3JhbnRfdHlwZSI6ImF1dGhvcml6YXRpb25fY29kZSIsInNjb3BlIjpbIm9wZW5pZCIsInByb2ZpbGUiLCJlbWFpbCJdLCJhdXRoX3RpbWUiOjE3NTIwNDM2NTAsInJlYWxtIjoiL21hdSIsImV4cCI6MTc1MjA1MDg1MSwiaWF0IjoxNzUyMDQzNjUxLCJleHBpcmVzX2luIjo3MjAwLCJqdGkiOiJEc2VVeFE2ZENoMTBHWGRxR0o1bFp1cy1SaVkiLCJ1c2VyVXVpZCI6ImU4Y2Q4MzNkLWU2MTktNGE4NC1hY2YwLWY1ZWNjMWM2YTY1YiIsImVtYWlsIjoiYWhtZXIuaGFzaG1pQG1hZXJzay5jb20iLCJhY2Nlc3NUeXBlIjoiZXh0ZXJuYWwifQ.CtZUM03UP2HhTDEO1Hu8WrnXlcT3ddaysShmQBNvdfuDYZ3r0JaBzwRTT-PGpeC06Gjm5Ye_9UU-hpXYdpfoZB0OJkEau_t68xXKeLdZntANuqXDIToINXIxS5nkK_GPUXAy5E3HWwhrrsf5sRrnFg8RRdysqDPkw9rMTFvaD96cVracfJ-bg2F5b9Jv4flWePk4kH2UM4OY51iaDs6oP-W9Mqw_4HCuceuoxBpA17Cm9eQ0ptWHokmI1y1wvVTHriKESO1NOlhOZvZwVc9G_8eQVM9X4VtBNAB6kEto6Xk5Lnk0FSsX2Lswa17ivTeMGYscurTFfoawPiEWkJ28xQ",
    "idToken": "eyJ0eXAiOiJKV1QiLCJraWQiOiIzaTA5WlhQbE1PTEpCYXFnSHUxK3ZRc1AwOVU9IiwiYWxnIjoiUlMyNTYifQ.eyJhdF9oYXNoIjoiV1hFakxmaGV3ZXdaX0ZQdktqR1FRdyIsInN1YiI6Im1vYl91c2VyXzIiLCJmaXJzdG5hbWUiOiJBaG1lciIsImF1ZGl0VHJhY2tpbmdJZCI6ImU0ZjU4ZjM2LTVhMWUtNDMyNy04ODUyLTg1ZDQ4YmNkM2VjMy0yMzcyMDIzIiwicm9sZXMiOlsiSW52b2ljZXMiLCJDb250cmFjdFJhdGUiLCJCb29raW5nIiwiV0JPTEFwcHJvdmVyIiwiUGF5bWVudHMiLCJCYXNpY0N1c3RvbWVyIiwiRG9jdW1lbnRhdGlvbiJdLCJpc3MiOiJodHRwczovL2lhbS1zdGFnZS5tYWVyc2suY29tL2FjbS9vYXV0aDIvbWF1IiwidG9rZW5OYW1lIjoiaWRfdG9rZW4iLCJvZmZpY2UiOiJBYXJodXMgLSBESyIsImFjciI6IjAiLCJhenAiOiJtY2EwMDEiLCJhdXRoX3RpbWUiOjE3NTIwNDM2NTAsInBlcnNvbmlkIjoiMTAwMDA4ODE5MjQiLCJleHAiOjE3NTIwNTA4NTEsImlhdCI6MTc1MjA0MzY1MSwiY3VzdG9tZXJfY29kZSI6IjEwMDAwMDA3OTUxIiwiZW1haWwiOiJhaG1lci5oYXNobWlAbWFlcnNrLmNvbSIsIm5vbmNlIjoiMXFnajdVYk9yZ1RmQWZHVzZiM2MiLCJsYXN0bmFtZSI6Ikhhc2htaSIsImF1ZCI6Im1jYTAwMSIsImNfaGFzaCI6ImJCeWV1VEtGVkxDMHViMFIxUGY4QWciLCJjYXJyaWVyIjoiTUFFVSIsInVzZXJVdWlkIjoiZThjZDgzM2QtZTYxOS00YTg0LWFjZjAtZjVlY2MxYzZhNjViIiwicmVhbG0iOiIvbWF1IiwidG9rZW5UeXBlIjoiSldUVG9rZW4iLCJ1c2VybmFtZSI6Im1vYl91c2VyXzIifQ.TCVqAHVME7O4z0D9oYvt25Aagm5nrKN4n-iXEHWyct1zXl0lyJ7UiHFgcVU4oXOfKLZk7MzZHAkcJAM6ZnGkFpmbt7QAo-27kZrOXsGW-rDICXQ52Fok2ShXo95_BpHBjQCI9pTpWaMI0X3dEhe9GSo6GCBXfdTZONRmiam0Skv98Z95Ed8xOmX8yC45s3c4Dgka0JPQN6P_hR8WTkqLhtGij4DBke4hoTxFLKk-hAAotyOv3xHeMVk2e7htIYNT8TFarAwxMakORwfd89T-DLMNDP9rWE2Kte8CMKS1fbwlGL4wPR-idqXiqPbfq_Z08BbuI-42pFKtp-VcI-STNjn_klD5zszXwby-s-RaYXU0fnJYtu83Dneb2Mo_Qy_L_EznrlIfgL3iMBQXXHXWAzE1Wjy_wjuTJ1JNnCr2HoUQXQ9BuGJIebUjrZRhQu1Jyyky4rzY2yBuzOdVYCa0xA6mX4U8IwWDaqsOEGpBfR3neyuaJLDoPADwpczO6BCp",
    "refreshToken": "eyJ0eXAiOiJKV1QiLCJraWQiOiI4anlKRk93VFlWaFhYRDJIMS8wUEEwNGZLWUk9IiwiYWxnIjoiUlMyNTYifQ.eyJzdWIiOiJtb2JfdXNlcl8yIiwiY3RzIjoiT0FVVEgyX1NUQVRFTEVTU19HUkFOVCIsImF1dGhfbGV2ZWwiOjAsImF1ZGl0VHJhY2tpbmdJZCI6ImU0ZjU4ZjM2LTVhMWUtNDMyNy04ODUyLTg1ZDQ4YmNkM2VjMy0yMzcyMDIyIiwic3VibmFtZSI6Im1vYl91c2VyXzIiLCJpc3MiOiJodHRwczovL2lhbS1zdGFnZS5tYWVyc2suY29tL2FjbS9vYXV0aDIvbWF1IiwidG9rZW5OYW1lIjoicmVmcmVzaF90b2tlbiIsInRva2VuX3R5cGUiOiJCZWFyZXIiLCJhdXRoR3JhbnRJZCI6Imp2WERlRnZBVndZUExOVm9nakp2clJVMEpnQSIsImF1ZCI6Im1jYTAwMSIsImFjciI6IjAiLCJuYmYiOjE3NTIwNDM2NTEsImdyYW50X3R5cGUiOiJhdXRob3JpemF0aW9uX2NvZGUiLCJzY29wZSI6WyJvcGVuaWQiLCJwcm9maWxlIiwiZW1haWwiXSwiYXV0aF90aW1lIjoxNzUyMDQzNjUwLCJyZWFsbSI6Ii9tYXUiLCJleHAiOjE3NTk5MzM2NTEsImlhdCI6MTc1MjA0MzY1MSwiZXhwaXJlc19pbiI6Nzg5MDAwMCwianRpIjoiUURpOV9ZcFdJcWZMTUR4dDNQTlZZN241eEUwIn0.F2sVr9OXDkJPPY4_1_w279HEXZoI-ABl_BbxdOkYZwXgI6ExepM-0oFjyZCEHn5BVfqiRihee8t8Mdnk8DJAPFI8VB7SxAs7bQMxHzfz1KYJ0zqAjmBOxWPLhvLNJXqbLlxHKCUo10Eoz_pP72ynEpb-wo94u68m4gy8mFvzoYibtPwh2MXBZq2E4_iQBuMVRtUaUjF28Fldy0m_gnpDwVmLczenVzFCO8oqRzIwBj5MixZejUBrUAfdAfjfIXmuHUUnIpL77Ax93yVSbuL1IaWcUlh08KWxdnLDTgZlipCAhtRMhJnURUcQSYUWB9eU7UMABln-JvtJ-FM9y1AfLQ",
    "exp": "2025-07-09T08:47:31.000Z",
    "personId": null,
    "carrierOffice": null
}
  Given I have a authoriztionId and container number "MOBILE101"                           # com.maersk.definations.vasUpsellDefinations.setAuthorizationShipmentNumber_DnDFreeTimeAPI(java.lang.String)
Request method:	POST
Request URI:	https://api-stage.maersk.com/vas-experience/dnd/freetime/MOBILE101
Proxy:			<none>
Request params:	<none>
Query params:	<none>
Form params:	<none>
Path params:	<none>
Headers:		Authorization=Bearer eyJ0eXAiOiJKV1QiLCJraWQiOiIzaTA5WlhQbE1PTEpCYXFnSHUxK3ZRc1AwOVU9IiwiYWxnIjoiUlMyNTYifQ.eyJhdF9oYXNoIjoiV1hFakxmaGV3ZXdaX0ZQdktqR1FRdyIsInN1YiI6Im1vYl91c2VyXzIiLCJmaXJzdG5hbWUiOiJBaG1lciIsImF1ZGl0VHJhY2tpbmdJZCI6ImU0ZjU4ZjM2LTVhMWUtNDMyNy04ODUyLTg1ZDQ4YmNkM2VjMy0yMzcyMDIzIiwicm9sZXMiOlsiSW52b2ljZXMiLCJDb250cmFjdFJhdGUiLCJCb29raW5nIiwiV0JPTEFwcHJvdmVyIiwiUGF5bWVudHMiLCJCYXNpY0N1c3RvbWVyIiwiRG9jdW1lbnRhdGlvbiJdLCJpc3MiOiJodHRwczovL2lhbS1zdGFnZS5tYWVyc2suY29tL2FjbS9vYXV0aDIvbWF1IiwidG9rZW5OYW1lIjoiaWRfdG9rZW4iLCJvZmZpY2UiOiJBYXJodXMgLSBESyIsImFjciI6IjAiLCJhenAiOiJtY2EwMDEiLCJhdXRoX3RpbWUiOjE3NTIwNDM2NTAsInBlcnNvbmlkIjoiMTAwMDA4ODE5MjQiLCJleHAiOjE3NTIwNTA4NTEsImlhdCI6MTc1MjA0MzY1MSwiY3VzdG9tZXJfY29kZSI6IjEwMDAwMDA3OTUxIiwiZW1haWwiOiJhaG1lci5oYXNobWlAbWFlcnNrLmNvbSIsIm5vbmNlIjoiMXFnajdVYk9yZ1RmQWZHVzZiM2MiLCJsYXN0bmFtZSI6Ikhhc2htaSIsImF1ZCI6Im1jYTAwMSIsImNfaGFzaCI6ImJCeWV1VEtGVkxDMHViMFIxUGY4QWciLCJjYXJyaWVyIjoiTUFFVSIsInVzZXJVdWlkIjoiZThjZDgzM2QtZTYxOS00YTg0LWFjZjAtZjVlY2MxYzZhNjViIiwicmVhbG0iOiIvbWF1IiwidG9rZW5UeXBlIjoiSldUVG9rZW4iLCJ1c2VybmFtZSI6Im1vYl91c2VyXzIifQ.TCVqAHVME7O4z0D9oYvt25Aagm5nrKN4n-iXEHWyct1zXl0lyJ7UiHFgcVU4oXOfKLZk7MzZHAkcJAM6ZnGkFpmbt7QAo-27kZrOXsGW-rDICXQ52Fok2ShXo95_BpHBjQCI9pTpWaMI0X3dEhe9GSo6GCBXfdTZONRmiam0Skv98Z95Ed8xOmX8yC45s3c4Dgka0JPQN6P_hR8WTkqLhtGij4DBke4hoTxFLKk-hAAotyOv3xHeMVk2e7htIYNT8TFarAwxMakORwfd89T-DLMNDP9rWE2Kte8CMKS1fbwlGL4wPR-idqXiqPbfq_Z08BbuI-42pFKtp-VcI-STNjn_klD5zszXwby-s-RaYXU0fnJYtu83Dneb2Mo_Qy_L_EznrlIfgL3iMBQXXHXWAzE1Wjy_wjuTJ1JNnCr2HoUQXQ9BuGJIebUjrZRhQu1Jyyky4rzY2yBuzOdVYCa0xA6mX4U8IwWDaqsOEGpBfR3neyuaJLDoPADwpczO6BCp
				Consumer-Key=ppsnjcf8DSKA95DBxGHTyBfv1ugamE7X
				Request-Source=Maersk Mobile App
				Charge-Source=CXED
				Accept=*/*
				Content-Type=application/json
Cookies:		<none>
Multiparts:		<none>
Body:
{
    "billOfLadingId": "MOBILE101",
    "carrierCode": "MAEU",
    "chargeType": "DMR",
    "containerDetails": [
        
    ],
    "customerCode": "10000007951",
    "requestedDateTime": "2025-08-08T00:00:00.000Z",
    "motherShipmentId": "MOBILE101",
    "chargesFromDate": null,
    "chargesToDate": null
}
{
    "tradingName": "",
    "correlationId": "19b9a962-8d6f-422e-80fc-e5d4eabed381",
    "billOfLadingId": "MOBILE101",
    "motherShipmentId": "MOBILE101",
    "customerCode": "10000007951",
    "carrierCode": "MAEU",
    "chargeType": "DMR",
    "currencyISOCode": "EUR",
    "chargeTypeDisplayName": "Demurrage",
    "isDndAllowed": false,
    "reason": [
        "FREETIME_NOT_IN_DATE_RANGE"
    ],
    "purchaseDays": "0",
    "ssibPurchaseDays": 0,
    "siPurchaseDays": 0,
    "importsPurchaseDays": 0,
    "containerCharges": [
        {
            "containerId": "GVCU4009810",
            "freePeriod": {
                "freeDays": 50,
                "freeTimeUnit": "DAYS",
                "lastFreeDate": "2025-07-04",
                "originalLastFreeDate": "2025-07-04",
                "estimatedStartDate": "2025-05-15"
            },
            "chargeablePeriod": {
                "startDate": "2025-07-05",
                "endDate": "2025-09-16",
                "chargesByDates": [
                    {
                        "date": "2025-07-09",
                        "amount": 355.00,
                        "chargeableDays": 5,
                        "tiers": [
                            {
                                "rate": 65.00,
                                "numberOfDays": 4
                            },
                            {
                                "rate": 95.00,
                                "numberOfDays": 1
                            }
                        ]
                    }
                ]
            }
        }
    ]
}
Response Body: {
    "tradingName": "",
    "correlationId": "19b9a962-8d6f-422e-80fc-e5d4eabed381",
    "billOfLadingId": "MOBILE101",
    "motherShipmentId": "MOBILE101",
    "customerCode": "10000007951",
    "carrierCode": "MAEU",
    "chargeType": "DMR",
    "currencyISOCode": "EUR",
    "chargeTypeDisplayName": "Demurrage",
    "isDndAllowed": false,
    "reason": [
        "FREETIME_NOT_IN_DATE_RANGE"
    ],
    "purchaseDays": "0",
    "ssibPurchaseDays": 0,
    "siPurchaseDays": 0,
    "importsPurchaseDays": 0,
    "containerCharges": [
        {
            "containerId": "GVCU4009810",
            "freePeriod": {
                "freeDays": 50,
                "freeTimeUnit": "DAYS",
                "lastFreeDate": "2025-07-04",
                "originalLastFreeDate": "2025-07-04",
                "estimatedStartDate": "2025-05-15"
            },
            "chargeablePeriod": {
                "startDate": "2025-07-05",
                "endDate": "2025-09-16",
                "chargesByDates": [
                    {
                        "date": "2025-07-09",
                        "amount": 355.00,
                        "chargeableDays": 5,
                        "tiers": [
                            {
                                "rate": 65.00,
                                "numberOfDays": 4
                            },
                            {
                                "rate": 95.00,
                                "numberOfDays": 1
                            }
                        ]
                    }
                ]
            }
        }
    ]
}
  When I send an POST request to DND free time API with container number                   # com.maersk.definations.vasUpsellDefinations.sendPostRequest_DnDFreeTimeAPI()
*************************************************
Response Status: io.restassured.internal.ValidatableResponseImpl@156ff70f
*************************************************
  Then the response status code of DND free time API should be "200"                       # com.maersk.definations.vasUpsellDefinations.verifyStatusCode_DnDFreeTimeAPI(java.lang.String)
Response Body: {
    "tradingName": "",
    "correlationId": "19b9a962-8d6f-422e-80fc-e5d4eabed381",
    "billOfLadingId": "MOBILE101",
    "motherShipmentId": "MOBILE101",
    "customerCode": "10000007951",
    "carrierCode": "MAEU",
    "chargeType": "DMR",
    "currencyISOCode": "EUR",
    "chargeTypeDisplayName": "Demurrage",
    "isDndAllowed": false,
    "reason": [
        "FREETIME_NOT_IN_DATE_RANGE"
    ],
    "purchaseDays": "0",
    "ssibPurchaseDays": 0,
    "siPurchaseDays": 0,
    "importsPurchaseDays": 0,
    "containerCharges": [
        {
            "containerId": "GVCU4009810",
            "freePeriod": {
                "freeDays": 50,
                "freeTimeUnit": "DAYS",
                "lastFreeDate": "2025-07-04",
                "originalLastFreeDate": "2025-07-04",
                "estimatedStartDate": "2025-05-15"
            },
            "chargeablePeriod": {
                "startDate": "2025-07-05",
                "endDate": "2025-09-16",
                "chargesByDates": [
                    {
                        "date": "2025-07-09",
                        "amount": 355.00,
                        "chargeableDays": 5,
                        "tiers": [
                            {
                                "rate": 65.00,
                                "numberOfDays": 4
                            },
                            {
                                "rate": 95.00,
                                "numberOfDays": 1
                            }
                        ]
                    }
                ]
            }
        }
    ]
}
  And the response should indicate successful creation for the given container number      # com.maersk.definations.vasUpsellDefinations.verifyResponse_DnDFreeTimeAPI()
]]></system-out>
    <system-err><![CDATA[┌──────────────────────────────────────────────────────────────────────────┐
│ View your Cucumber Report at:                                            │
│ https://reports.cucumber.io/reports/e7e83a12-9611-4351-9a40-a701268e3fa9 │
│                                                                          │
│ This report will self-destruct in 24h.                                   │
└──────────────────────────────────────────────────────────────────────────┘]]></system-err>
  </testcase>
  <testcase name="runScenario[&quot;Submit free time information with valid authorization and invalid container number&quot;, &quot;Optional[Free time API]&quot;](2)" classname="scriptRunner.vasUpselAPIRunner" time="2.44">
    <system-out><![CDATA[
Scenario: Submit free time information with valid authorization and invalid container number # src/test/resources/features/vasUpsell.feature:15
Request method:	POST
Request URI:	https://api-stage.maersk.com/shipmentmobile/security/authentication/external
Proxy:			<none>
Request params:	<none>
Query params:	<none>
Form params:	<none>
Path params:	<none>
Headers:		carrierCode=MAEU
				X-Requestor=K6 Shipment Mobile; 9feca62a49337fa9bfb9
				Consumer-Key=xSQt5NQjPGQOWasXuI19oKCALfJ7d4PP
				Accept=*/*
				Content-Type=application/json
Cookies:		<none>
Multiparts:		<none>
Body:
{
    "username": "mob_user_2",
    "password": "Maersk@6"
}
{
    "result": "SUCCESS",
    "tokenId": "e1KlDvAtrcClXJytnp51O2maxWY.*AAJTSQACMDIAAlNLABw1RGExZmxONzdpYlpocmZCdzZjOVp4azgvSWs9AAR0eXBlAANDVFMAAlMxAAIwNA..*",
    "authId": null,
    "multifactor": false
}
Request method:	POST
Request URI:	https://api-stage.maersk.com/shipmentmobile/security/tokens/external
Proxy:			<none>
Request params:	<none>
Query params:	<none>
Form params:	<none>
Path params:	<none>
Headers:		carrierCode=MAEU
				X-Requestor=K6 Shipment Mobile; 9feca62a49337fa9bfb9
				Consumer-Key=xSQt5NQjPGQOWasXuI19oKCALfJ7d4PP
				idToken=e1KlDvAtrcClXJytnp51O2maxWY.*AAJTSQACMDIAAlNLABw1RGExZmxONzdpYlpocmZCdzZjOVp4azgvSWs9AAR0eXBlAANDVFMAAlMxAAIwNA..*
				Accept=*/*
				Content-Type=application/json
Cookies:		<none>
Multiparts:		<none>
Body:
{
    "customerCode": "10000007951"
}
{
    "accessToken": "eyJ0eXAiOiJKV1QiLCJraWQiOiI4anlKRk93VFlWaFhYRDJIMS8wUEEwNGZLWUk9IiwiYWxnIjoiUlMyNTYifQ.eyJzdWIiOiJtb2JfdXNlcl8yIiwiY3RzIjoiT0FVVEgyX1NUQVRFTEVTU19HUkFOVCIsImF1dGhfbGV2ZWwiOjAsImF1ZGl0VHJhY2tpbmdJZCI6ImU0ZjU4ZjM2LTVhMWUtNDMyNy04ODUyLTg1ZDQ4YmNkM2VjMy0yMzcyMDQ0Iiwic3VibmFtZSI6Im1vYl91c2VyXzIiLCJpc3MiOiJodHRwczovL2lhbS1zdGFnZS5tYWVyc2suY29tL2FjbS9vYXV0aDIvbWF1IiwidG9rZW5OYW1lIjoiYWNjZXNzX3Rva2VuIiwidG9rZW5fdHlwZSI6IkJlYXJlciIsImF1dGhHcmFudElkIjoiUXB4Wlgyb1JFaWFpZzVuRmJuWDIwS2dONkxrIiwibm9uY2UiOiJ4U0hLWk5JTkt5ZWxYSGgwM29ZWiIsImF1ZCI6Im1jYTAwMSIsIm5iZiI6MTc1MjA0MzY1NSwiZ3JhbnRfdHlwZSI6ImF1dGhvcml6YXRpb25fY29kZSIsInNjb3BlIjpbIm9wZW5pZCIsInByb2ZpbGUiLCJlbWFpbCJdLCJhdXRoX3RpbWUiOjE3NTIwNDM2NTUsInJlYWxtIjoiL21hdSIsImV4cCI6MTc1MjA1MDg1NSwiaWF0IjoxNzUyMDQzNjU1LCJleHBpcmVzX2luIjo3MjAwLCJqdGkiOiI2OVpLdmpPOG1vWkJibTdZUWk5NGkwbE1VR1EiLCJ1c2VyVXVpZCI6ImU4Y2Q4MzNkLWU2MTktNGE4NC1hY2YwLWY1ZWNjMWM2YTY1YiIsImVtYWlsIjoiYWhtZXIuaGFzaG1pQG1hZXJzay5jb20iLCJhY2Nlc3NUeXBlIjoiZXh0ZXJuYWwifQ.hg2_M-15IxFl42TaDpre_A-AcIytXl1InoxkDJORAq2IhvyFToqXm1skWdHWPEWmpdwns1EUBqI5uQtlA2w7ml_zc_pMHIj7wi1Bh207JRE2e8Z7bHaczezyRp2PdC1d8IVqQd0ZCQt76KnS75YycxYQnlVV5qd4M0NncDgHsn0av77e4a3InKIPnzSCoeNJWsepDEHp4_PKf5mp-d59tz_yayCQz0TTXacxKl3mxJqcR8nINoWS_G5FEql5FctMkSDr3baVLUO9hKjFCSB4g2yT41scPxFk19r7cV8RNSpLzzwA1O0VMDg98EIcLgeUNRNHdgMUg1ZpkOiKcIwKAA",
    "idToken": "eyJ0eXAiOiJKV1QiLCJraWQiOiIzaTA5WlhQbE1PTEpCYXFnSHUxK3ZRc1AwOVU9IiwiYWxnIjoiUlMyNTYifQ.eyJhdF9oYXNoIjoicEhZODF5c19jZEJfdDM1MF9XanMyUSIsInN1YiI6Im1vYl91c2VyXzIiLCJmaXJzdG5hbWUiOiJBaG1lciIsImF1ZGl0VHJhY2tpbmdJZCI6ImU0ZjU4ZjM2LTVhMWUtNDMyNy04ODUyLTg1ZDQ4YmNkM2VjMy0yMzcyMDQ2Iiwicm9sZXMiOlsiSW52b2ljZXMiLCJDb250cmFjdFJhdGUiLCJCb29raW5nIiwiV0JPTEFwcHJvdmVyIiwiUGF5bWVudHMiLCJCYXNpY0N1c3RvbWVyIiwiRG9jdW1lbnRhdGlvbiJdLCJpc3MiOiJodHRwczovL2lhbS1zdGFnZS5tYWVyc2suY29tL2FjbS9vYXV0aDIvbWF1IiwidG9rZW5OYW1lIjoiaWRfdG9rZW4iLCJvZmZpY2UiOiJBYXJodXMgLSBESyIsImFjciI6IjAiLCJhenAiOiJtY2EwMDEiLCJhdXRoX3RpbWUiOjE3NTIwNDM2NTUsInBlcnNvbmlkIjoiMTAwMDA4ODE5MjQiLCJleHAiOjE3NTIwNTA4NTUsImlhdCI6MTc1MjA0MzY1NSwiY3VzdG9tZXJfY29kZSI6IjEwMDAwMDA3OTUxIiwiZW1haWwiOiJhaG1lci5oYXNobWlAbWFlcnNrLmNvbSIsIm5vbmNlIjoieFNIS1pOSU5LeWVsWEhoMDNvWVoiLCJsYXN0bmFtZSI6Ikhhc2htaSIsImF1ZCI6Im1jYTAwMSIsImNfaGFzaCI6Ik5vT2UtdjduWm96R2taMHNpV3cxc0EiLCJjYXJyaWVyIjoiTUFFVSIsInVzZXJVdWlkIjoiZThjZDgzM2QtZTYxOS00YTg0LWFjZjAtZjVlY2MxYzZhNjViIiwicmVhbG0iOiIvbWF1IiwidG9rZW5UeXBlIjoiSldUVG9rZW4iLCJ1c2VybmFtZSI6Im1vYl91c2VyXzIifQ.Py2dQyY1HYTLfXdNGsJCNXMRI1n17GAXeFailltFI7VlIDkWRE9y3xYsrmleo1BADqpegFTEplphZVvDa6WuEAQodGml56wQi7pSiaOp4hnUDn6vWgG50Njc4ixBNw-tY7-dYZMJq1Ki1Rnz2bDBrWGzLrIWdEBpI2ZErXNHd439yWD8POug4dUedBLJKnfjD5lvM1NUql-Sb6BqExzJg5MRJB231TxNgOXzDSyVorjtEBBtU3tQ_3BbOoS-RNd_YKwzsFf0fcwcdd_VINTHcBDrC6VXB3mKSePs1C73Qsi8tSnfekHCWsYXzZamiFD5GRKN8e_aBfp-7lcR2KDsTgMagQ4FG1DdaWJn8GMKja_UrE3AmhRModwfCCHzTlmUPHwzevgz9PS4vfZygdJUeqPqd9G-9IzLAOCv4XY30qvIPYSD8KGuLcJJxBLqEf3Pdh6rRIXHj8UuAXMMN7SRTqtYvd5a8H1ceqv1DpuYkxAvRbD2oV_4VZcdQIJBRU_T",
    "refreshToken": "eyJ0eXAiOiJKV1QiLCJraWQiOiI4anlKRk93VFlWaFhYRDJIMS8wUEEwNGZLWUk9IiwiYWxnIjoiUlMyNTYifQ.eyJzdWIiOiJtb2JfdXNlcl8yIiwiY3RzIjoiT0FVVEgyX1NUQVRFTEVTU19HUkFOVCIsImF1dGhfbGV2ZWwiOjAsImF1ZGl0VHJhY2tpbmdJZCI6ImU0ZjU4ZjM2LTVhMWUtNDMyNy04ODUyLTg1ZDQ4YmNkM2VjMy0yMzcyMDQ1Iiwic3VibmFtZSI6Im1vYl91c2VyXzIiLCJpc3MiOiJodHRwczovL2lhbS1zdGFnZS5tYWVyc2suY29tL2FjbS9vYXV0aDIvbWF1IiwidG9rZW5OYW1lIjoicmVmcmVzaF90b2tlbiIsInRva2VuX3R5cGUiOiJCZWFyZXIiLCJhdXRoR3JhbnRJZCI6IlFweFpYMm9SRWlhaWc1bkZiblgyMEtnTjZMayIsImF1ZCI6Im1jYTAwMSIsImFjciI6IjAiLCJuYmYiOjE3NTIwNDM2NTUsImdyYW50X3R5cGUiOiJhdXRob3JpemF0aW9uX2NvZGUiLCJzY29wZSI6WyJvcGVuaWQiLCJwcm9maWxlIiwiZW1haWwiXSwiYXV0aF90aW1lIjoxNzUyMDQzNjU1LCJyZWFsbSI6Ii9tYXUiLCJleHAiOjE3NTk5MzM2NTUsImlhdCI6MTc1MjA0MzY1NSwiZXhwaXJlc19pbiI6Nzg5MDAwMCwianRpIjoiSkdpOWJrWGhBdlRTUG5SWWF3dTlUZXhpREtvIn0.iCrjVzOv1QtfAyDLvh1ld8qSYGzowBCmsJb45O_dpMMN6tmEM1LG7U6fYICtu89O07RQI67_FC__rwiCXwq2NoZc4TNAE5zUnBTRMQLQhH6UTQvYVj8i56B1gRAJI-P1iPG7PGlGRdD4AAK72v2D2fG4qlOfgcrVnbBSzpP47VzZeDa3Qm8k5MRFRvpkxxXPYdr_9N7wMBZ_xpLXvameGomqMhxNTF7i1qnVVKFpzpQkT6fgD79SZBtHKbc2rJkeruCOZ78N_Zu1v92b6Slu8hZw_NcBr-eehbe9zHwAGlf8cxv4Hj4N5XUpkGM-72FdYi-nmfWvZ1_u5xZbTPU3NQ",
    "exp": "2025-07-09T08:47:35.000Z",
    "personId": null,
    "carrierOffice": null
}
  Given I have a authoriztionId and container number "INVALID123"                            # com.maersk.definations.vasUpsellDefinations.setAuthorizationShipmentNumber_DnDFreeTimeAPI(java.lang.String)
Request method:	POST
Request URI:	https://api-stage.maersk.com/vas-experience/dnd/freetime/INVALID123
Proxy:			<none>
Request params:	<none>
Query params:	<none>
Form params:	<none>
Path params:	<none>
Headers:		Authorization=Bearer eyJ0eXAiOiJKV1QiLCJraWQiOiIzaTA5WlhQbE1PTEpCYXFnSHUxK3ZRc1AwOVU9IiwiYWxnIjoiUlMyNTYifQ.eyJhdF9oYXNoIjoicEhZODF5c19jZEJfdDM1MF9XanMyUSIsInN1YiI6Im1vYl91c2VyXzIiLCJmaXJzdG5hbWUiOiJBaG1lciIsImF1ZGl0VHJhY2tpbmdJZCI6ImU0ZjU4ZjM2LTVhMWUtNDMyNy04ODUyLTg1ZDQ4YmNkM2VjMy0yMzcyMDQ2Iiwicm9sZXMiOlsiSW52b2ljZXMiLCJDb250cmFjdFJhdGUiLCJCb29raW5nIiwiV0JPTEFwcHJvdmVyIiwiUGF5bWVudHMiLCJCYXNpY0N1c3RvbWVyIiwiRG9jdW1lbnRhdGlvbiJdLCJpc3MiOiJodHRwczovL2lhbS1zdGFnZS5tYWVyc2suY29tL2FjbS9vYXV0aDIvbWF1IiwidG9rZW5OYW1lIjoiaWRfdG9rZW4iLCJvZmZpY2UiOiJBYXJodXMgLSBESyIsImFjciI6IjAiLCJhenAiOiJtY2EwMDEiLCJhdXRoX3RpbWUiOjE3NTIwNDM2NTUsInBlcnNvbmlkIjoiMTAwMDA4ODE5MjQiLCJleHAiOjE3NTIwNTA4NTUsImlhdCI6MTc1MjA0MzY1NSwiY3VzdG9tZXJfY29kZSI6IjEwMDAwMDA3OTUxIiwiZW1haWwiOiJhaG1lci5oYXNobWlAbWFlcnNrLmNvbSIsIm5vbmNlIjoieFNIS1pOSU5LeWVsWEhoMDNvWVoiLCJsYXN0bmFtZSI6Ikhhc2htaSIsImF1ZCI6Im1jYTAwMSIsImNfaGFzaCI6Ik5vT2UtdjduWm96R2taMHNpV3cxc0EiLCJjYXJyaWVyIjoiTUFFVSIsInVzZXJVdWlkIjoiZThjZDgzM2QtZTYxOS00YTg0LWFjZjAtZjVlY2MxYzZhNjViIiwicmVhbG0iOiIvbWF1IiwidG9rZW5UeXBlIjoiSldUVG9rZW4iLCJ1c2VybmFtZSI6Im1vYl91c2VyXzIifQ.Py2dQyY1HYTLfXdNGsJCNXMRI1n17GAXeFailltFI7VlIDkWRE9y3xYsrmleo1BADqpegFTEplphZVvDa6WuEAQodGml56wQi7pSiaOp4hnUDn6vWgG50Njc4ixBNw-tY7-dYZMJq1Ki1Rnz2bDBrWGzLrIWdEBpI2ZErXNHd439yWD8POug4dUedBLJKnfjD5lvM1NUql-Sb6BqExzJg5MRJB231TxNgOXzDSyVorjtEBBtU3tQ_3BbOoS-RNd_YKwzsFf0fcwcdd_VINTHcBDrC6VXB3mKSePs1C73Qsi8tSnfekHCWsYXzZamiFD5GRKN8e_aBfp-7lcR2KDsTgMagQ4FG1DdaWJn8GMKja_UrE3AmhRModwfCCHzTlmUPHwzevgz9PS4vfZygdJUeqPqd9G-9IzLAOCv4XY30qvIPYSD8KGuLcJJxBLqEf3Pdh6rRIXHj8UuAXMMN7SRTqtYvd5a8H1ceqv1DpuYkxAvRbD2oV_4VZcdQIJBRU_T
				Consumer-Key=ppsnjcf8DSKA95DBxGHTyBfv1ugamE7X
				Request-Source=Maersk Mobile App
				Charge-Source=CXED
				Accept=*/*
				Content-Type=application/json
Cookies:		<none>
Multiparts:		<none>
Body:
{
    "billOfLadingId": "INVALID123",
    "carrierCode": "MAEU",
    "chargeType": "DMR",
    "containerDetails": [
        
    ],
    "customerCode": "10000007951",
    "requestedDateTime": "2025-08-08T00:00:00.000Z",
    "motherShipmentId": "INVALID123",
    "chargesFromDate": null,
    "chargesToDate": null
}
{
    "correlationId": "60d53ca5-7037-45e1-a060-266ad0a68b5c",
    "billOfLadingId": "INVALID123",
    "motherShipmentId": "INVALID123",
    "customerCode": "10000007951",
    "carrierCode": "MAEU",
    "chargeType": "DMR",
    "chargeTypeDisplayName": "Demurrage",
    "isDndAllowed": false,
    "reason": [
        "TECHNICAL_ERROR"
    ]
}
Response Body: {
    "correlationId": "60d53ca5-7037-45e1-a060-266ad0a68b5c",
    "billOfLadingId": "INVALID123",
    "motherShipmentId": "INVALID123",
    "customerCode": "10000007951",
    "carrierCode": "MAEU",
    "chargeType": "DMR",
    "chargeTypeDisplayName": "Demurrage",
    "isDndAllowed": false,
    "reason": [
        "TECHNICAL_ERROR"
    ]
}
  When I send an POST request to DND free time API with container number                     # com.maersk.definations.vasUpsellDefinations.sendPostRequest_DnDFreeTimeAPI()
*************************************************
Response Status: io.restassured.internal.ValidatableResponseImpl@733fa95c
*************************************************
  Then the response status code of DND free time API should be "400"                         # com.maersk.definations.vasUpsellDefinations.verifyStatusCode_DnDFreeTimeAPI(java.lang.String)
]]></system-out>
  </testcase>
  <testcase name="runScenario[&quot;Submit free time information with invalid authorization and container number&quot;, &quot;Optional[Free time API]&quot;](3)" classname="scriptRunner.vasUpselAPIRunner" time="0.347">
    <system-out><![CDATA[
Scenario: Submit free time information with invalid authorization and container number # src/test/resources/features/vasUpsell.feature:20
  Given I have a invalid authoriztionId and container number "MOBILE101"               # com.maersk.definations.vasUpsellDefinations.setInvalidAuthorizationShipmentNumber_DnDFreeTimeAPI(java.lang.String)
Request method:	POST
Request URI:	https://api-stage.maersk.com/vas-experience/dnd/freetime/MOBILE101
Proxy:			<none>
Request params:	<none>
Query params:	<none>
Form params:	<none>
Path params:	<none>
Headers:		Authorization=Bearer eyJ0eXAiOiJKV1QiLCJraWQiOiIzaTA5WlhQbE1PTEpCYXFnSHUxK3ZRc1AwOVU9IiwiYWxnIjoiUlMyNTYifQ.eyJhdF9oYXNoIjoiRWpHVDhscWxpd1FtdVV2TVBxR2FGdyIsInN1YiI6Im1vYl91c2VyXzIiLCJmaXJzdG5hbWUiOiJBaG1lciIsImF1ZGl0VHJhY2tpbmdJZCI6ImI1ZjIxYmU2LTczMzUtNGY3Mi05ZDY5LWU4NDM5YzY3YWFjMy0xOTMxNDgyIiwicm9sZXMiOlsiRG9jdW1lbnRhdGlvbiIsIlBheW1lbnRzIiwiQ29udHJhY3RSYXRlIiwiQm9va2luZyIsIkJhc2ljQ3VzdG9tZXIiLCJXQk9MQXBwcm92ZXIiLCJJbnZvaWNlcyJdLCJpc3MiOiJodHRwczovL2lhbS1zdGFnZS5tYWVyc2suY29tL2FjbS9vYXV0aDIvbWF1IiwidG9rZW5OYW1lIjoiaWRfdG9rZW4iLCJvZmZpY2UiOiJBYXJodXMgLSBESyIsImFjciI6IjAiLCJhenAiOiJtY2EwMDEiLCJhdXRoX3RpbWUiOjE3NDY2MjM1MzgsInBlcnNvbmlkIjoiMTAwMDA4ODE5MjQiLCJleHAiOjE3NDY2MzA3NDQsImlhdCI6MTc0NjYyMzU0NCwiY3VzdG9tZXJfY29kZSI6IjEwMDAwMDA3OTUxIiwiZW1haWwiOiJhaG1lci5oYXNobWlAbWFlcnNrLmNvbSIsIm5vbmNlIjoiaDlwemVLVVJYUUtvdTB6aE9IN0UiLCJsYXN0bmFtZSI6Ikhhc2htaSIsImF1ZCI6Im1jYTAwMSIsImNfaGFzaCI6ImttSERTWTR0S1RLVXp3WmlFMXRkRlEiLCJjYXJyaWVyIjoiTUFFVSIsInVzZXJVdWlkIjoiZThjZDgzM2QtZTYxOS00YTg0LWFjZjAtZjVlY2MxYzZhNjViIiwicmVhbG0iOiIvbWF1IiwidG9rZW5UeXBlIjoiSldUVG9rZW4iLCJ1c2VybmFtZSI6Im1vYl91c2VyXzIifQ.biWvPgWsYGYBrfHcz_6eL14lLYMjxGRxNZLtbGwKXjoRvl11oyevy0vA6DgquMJndJydogn_3BoFCjnsje7UgJk-EieBGtxZIT4Li5p9rmDgSwLmW8GaGQuHn6Y56Iw-JOqm5QssFXkKyBrboUEYhywFqKgWFaAvhx_uVz6aRxSFEYA6RjlcOcE1nfyTpp2koPRm27s4Pqi2iQt0fTZhZoLkGa71rXmqQYIKZwVn7MRUoD2iVgwbM43kSsF6ciRlVq9mcGhPhap0V-hXzJVSONM7cqFoJNwU-6JffN2_rmhS-IC15LJrX3Y9au8Ob2-ntsB57hB_HwixCUsMgkgWKyFd_a-_DO97nWVFXY-3x5hBCuR8TnhB0AGd3yC7nLSIglm-mcZ0WvN9enulalaQx2Hfzyk3LBfE5wmzRZYeOHcBNxdCOgLtvIaFHHxX63S65DTiAD6MPkw9xlawZ0OyODD53BwqTqKkdK7grtr
				Consumer-Key=ppsnjcf8DSKA95DBxGHTyBfv1ugamE7X
				Request-Source=Maersk Mobile App
				Charge-Source=CXED
				Accept=*/*
				Content-Type=application/json
Cookies:		<none>
Multiparts:		<none>
Body:
{
    "billOfLadingId": "MOBILE101",
    "carrierCode": "MAEU",
    "chargeType": "DMR",
    "containerDetails": [
        
    ],
    "customerCode": "10000007951",
    "requestedDateTime": "2025-08-08T00:00:00.000Z",
    "motherShipmentId": "MOBILE101",
    "chargesFromDate": null,
    "chargesToDate": null
}
{
    "fault": {
        "faultstring": "Invalid token: policy(Verify-JWT-1)",
        "detail": {
            "errorcode": "steps.jwt.InvalidToken"
        }
    }
}
Response Body: {
    "fault": {
        "faultstring": "Invalid token: policy(Verify-JWT-1)",
        "detail": {
            "errorcode": "steps.jwt.InvalidToken"
        }
    }
}
  When I send an POST request to DND free time API with container number               # com.maersk.definations.vasUpsellDefinations.sendPostRequest_DnDFreeTimeAPI()
*************************************************
Response Status: io.restassured.internal.ValidatableResponseImpl@1aa59698
*************************************************
  Then the response status code of DND free time API should be "401"                   # com.maersk.definations.vasUpsellDefinations.verifyStatusCode_DnDFreeTimeAPI(java.lang.String)
]]></system-out>
  </testcase>
  <testcase name="runScenario[&quot;Submit free time information with valid authorization and valid container number for multiple data&quot;, &quot;Optional[Free time API]&quot;](4)" classname="scriptRunner.vasUpselAPIRunner" time="4.985">
    <system-out><![CDATA[
Scenario: Submit free time information with valid authorization and valid container number for multiple data # src/test/resources/features/vasUpsell.feature:32
Request method:	POST
Request URI:	https://api-stage.maersk.com/shipmentmobile/security/authentication/external
Proxy:			<none>
Request params:	<none>
Query params:	<none>
Form params:	<none>
Path params:	<none>
Headers:		carrierCode=MAEU
				X-Requestor=K6 Shipment Mobile; 9feca62a49337fa9bfb9
				Consumer-Key=xSQt5NQjPGQOWasXuI19oKCALfJ7d4PP
				Accept=*/*
				Content-Type=application/json
Cookies:		<none>
Multiparts:		<none>
Body:
{
    "username": "mob_user_2",
    "password": "Maersk@6"
}
{
    "result": "SUCCESS",
    "tokenId": "Fo97Db0ZjEumMpCGLKaHQ85DNkY.*AAJTSQACMDIAAlNLABxubnNwR3JEOE1ZWFhDQTZNL1kzMTYzYWtVR0k9AAR0eXBlAANDVFMAAlMxAAIwNA..*",
    "authId": null,
    "multifactor": false
}
Request method:	POST
Request URI:	https://api-stage.maersk.com/shipmentmobile/security/tokens/external
Proxy:			<none>
Request params:	<none>
Query params:	<none>
Form params:	<none>
Path params:	<none>
Headers:		carrierCode=MAEU
				X-Requestor=K6 Shipment Mobile; 9feca62a49337fa9bfb9
				Consumer-Key=xSQt5NQjPGQOWasXuI19oKCALfJ7d4PP
				idToken=Fo97Db0ZjEumMpCGLKaHQ85DNkY.*AAJTSQACMDIAAlNLABxubnNwR3JEOE1ZWFhDQTZNL1kzMTYzYWtVR0k9AAR0eXBlAANDVFMAAlMxAAIwNA..*
				Accept=*/*
				Content-Type=application/json
Cookies:		<none>
Multiparts:		<none>
Body:
{
    "customerCode": "10000007951"
}
{
    "accessToken": "eyJ0eXAiOiJKV1QiLCJraWQiOiI4anlKRk93VFlWaFhYRDJIMS8wUEEwNGZLWUk9IiwiYWxnIjoiUlMyNTYifQ.eyJzdWIiOiJtb2JfdXNlcl8yIiwiY3RzIjoiT0FVVEgyX1NUQVRFTEVTU19HUkFOVCIsImF1dGhfbGV2ZWwiOjAsImF1ZGl0VHJhY2tpbmdJZCI6ImU0ZjU4ZjM2LTVhMWUtNDMyNy04ODUyLTg1ZDQ4YmNkM2VjMy0yMzcyMDkzIiwic3VibmFtZSI6Im1vYl91c2VyXzIiLCJpc3MiOiJodHRwczovL2lhbS1zdGFnZS5tYWVyc2suY29tL2FjbS9vYXV0aDIvbWF1IiwidG9rZW5OYW1lIjoiYWNjZXNzX3Rva2VuIiwidG9rZW5fdHlwZSI6IkJlYXJlciIsImF1dGhHcmFudElkIjoiQkJURWVEMWpkVDBra2RfRks4Q3I3S0JGZUQwIiwibm9uY2UiOiJoaGdiblpBRzdwSGdBaUdhQTV1MyIsImF1ZCI6Im1jYTAwMSIsIm5iZiI6MTc1MjA0MzY1OSwiZ3JhbnRfdHlwZSI6ImF1dGhvcml6YXRpb25fY29kZSIsInNjb3BlIjpbIm9wZW5pZCIsInByb2ZpbGUiLCJlbWFpbCJdLCJhdXRoX3RpbWUiOjE3NTIwNDM2NTgsInJlYWxtIjoiL21hdSIsImV4cCI6MTc1MjA1MDg1OSwiaWF0IjoxNzUyMDQzNjU5LCJleHBpcmVzX2luIjo3MjAwLCJqdGkiOiJFN0VOUEZjOVJxZnhOalBEa0pvQUI0Mkd4YlUiLCJ1c2VyVXVpZCI6ImU4Y2Q4MzNkLWU2MTktNGE4NC1hY2YwLWY1ZWNjMWM2YTY1YiIsImVtYWlsIjoiYWhtZXIuaGFzaG1pQG1hZXJzay5jb20iLCJhY2Nlc3NUeXBlIjoiZXh0ZXJuYWwifQ.U0um23zDsCuaw3PRSn7UnyVlqtDYKwHC2ImmsIY3YP22pSylH50O20YLcfwwcDSOo33n1GNZj8s0erGgFpeA0P632JC1mJS34Q279OJLrHMZtYjECTWeOdgk7C0LVJyBNxy1l6DaD8FRiLaUtrnpbghKr-Z0oSieVJ39rOPB9jWKsjOrBMlSmRzGLt40E1BOsjTEc0457wyDMOUGTO_ewu7H2w5fuba4E2-fUhQLb56Swmk1vQHxPve0P4zKa-rCeeNK2M9F4vEXxLnL066rChfNn3mXm-QR996Wv9G5kqPc-_ir2LY9P0-f0W4tYd4BlFWUek9Wj7aHXyWPnKcxKQ",
    "idToken": "eyJ0eXAiOiJKV1QiLCJraWQiOiIzaTA5WlhQbE1PTEpCYXFnSHUxK3ZRc1AwOVU9IiwiYWxnIjoiUlMyNTYifQ.eyJhdF9oYXNoIjoiRFFfOENNTndxOC1SUXo4VnQwRVZWUSIsInN1YiI6Im1vYl91c2VyXzIiLCJmaXJzdG5hbWUiOiJBaG1lciIsImF1ZGl0VHJhY2tpbmdJZCI6ImU0ZjU4ZjM2LTVhMWUtNDMyNy04ODUyLTg1ZDQ4YmNkM2VjMy0yMzcyMDk1Iiwicm9sZXMiOlsiSW52b2ljZXMiLCJDb250cmFjdFJhdGUiLCJCb29raW5nIiwiV0JPTEFwcHJvdmVyIiwiUGF5bWVudHMiLCJCYXNpY0N1c3RvbWVyIiwiRG9jdW1lbnRhdGlvbiJdLCJpc3MiOiJodHRwczovL2lhbS1zdGFnZS5tYWVyc2suY29tL2FjbS9vYXV0aDIvbWF1IiwidG9rZW5OYW1lIjoiaWRfdG9rZW4iLCJvZmZpY2UiOiJBYXJodXMgLSBESyIsImFjciI6IjAiLCJhenAiOiJtY2EwMDEiLCJhdXRoX3RpbWUiOjE3NTIwNDM2NTgsInBlcnNvbmlkIjoiMTAwMDA4ODE5MjQiLCJleHAiOjE3NTIwNTA4NTksImlhdCI6MTc1MjA0MzY1OSwiY3VzdG9tZXJfY29kZSI6IjEwMDAwMDA3OTUxIiwiZW1haWwiOiJhaG1lci5oYXNobWlAbWFlcnNrLmNvbSIsIm5vbmNlIjoiaGhnYm5aQUc3cEhnQWlHYUE1dTMiLCJsYXN0bmFtZSI6Ikhhc2htaSIsImF1ZCI6Im1jYTAwMSIsImNfaGFzaCI6InRCQTdxODI1blU5Mm02UUU5WVloM3ciLCJjYXJyaWVyIjoiTUFFVSIsInVzZXJVdWlkIjoiZThjZDgzM2QtZTYxOS00YTg0LWFjZjAtZjVlY2MxYzZhNjViIiwicmVhbG0iOiIvbWF1IiwidG9rZW5UeXBlIjoiSldUVG9rZW4iLCJ1c2VybmFtZSI6Im1vYl91c2VyXzIifQ.j7R6rWHzmhDci7g14G29fGArOfkU3PmVHO9PC5rJwV4TXoay3vWR3UZGNbLhMsZ3Wjv0aIV4mTx4oIMZJjOouCMWWO2mgaYPAodq59l6L2p4Oer7EhA2PbKSUCizzhs_G-g4P4oq5U7UumbDepzVkV0yySx0p0BhL_5q7Kv8d6EhtO79d23aK_MatoXxAHRKUDe1B5yGCbkzXi-n-wlMzJrITAsNKyblaQiKYoLWI2M4E8Pclo86jtQZlOm9WyGHk-oMq-6QyhzKoQGW5MmsWs6OoH-bzUK_8eW45s9nihD1nHggAY8sTk4ur61xrHK19rLdR1FZY6bqy4P_pUdVd6GYHYTiYXeRXLw_7u5mJD_H7_DfELhB-fEcV2AoJeunaTn9ILFRsW5UVpf7jaCxMLrkjPteGi876mNlYCbwYhaua5OyjYPKxTHISaem6b7ob3KrAAsS4fBYMlUDdlGX3sXxJ3joIR0-AFaD_Q5vmhdnuGDWaEVngu3t-4H8h0ji",
    "refreshToken": "eyJ0eXAiOiJKV1QiLCJraWQiOiI4anlKRk93VFlWaFhYRDJIMS8wUEEwNGZLWUk9IiwiYWxnIjoiUlMyNTYifQ.eyJzdWIiOiJtb2JfdXNlcl8yIiwiY3RzIjoiT0FVVEgyX1NUQVRFTEVTU19HUkFOVCIsImF1dGhfbGV2ZWwiOjAsImF1ZGl0VHJhY2tpbmdJZCI6ImU0ZjU4ZjM2LTVhMWUtNDMyNy04ODUyLTg1ZDQ4YmNkM2VjMy0yMzcyMDk0Iiwic3VibmFtZSI6Im1vYl91c2VyXzIiLCJpc3MiOiJodHRwczovL2lhbS1zdGFnZS5tYWVyc2suY29tL2FjbS9vYXV0aDIvbWF1IiwidG9rZW5OYW1lIjoicmVmcmVzaF90b2tlbiIsInRva2VuX3R5cGUiOiJCZWFyZXIiLCJhdXRoR3JhbnRJZCI6IkJCVEVlRDFqZFQwa2tkX0ZLOENyN0tCRmVEMCIsImF1ZCI6Im1jYTAwMSIsImFjciI6IjAiLCJuYmYiOjE3NTIwNDM2NTksImdyYW50X3R5cGUiOiJhdXRob3JpemF0aW9uX2NvZGUiLCJzY29wZSI6WyJvcGVuaWQiLCJwcm9maWxlIiwiZW1haWwiXSwiYXV0aF90aW1lIjoxNzUyMDQzNjU4LCJyZWFsbSI6Ii9tYXUiLCJleHAiOjE3NTk5MzM2NTksImlhdCI6MTc1MjA0MzY1OSwiZXhwaXJlc19pbiI6Nzg5MDAwMCwianRpIjoiMFU2UjBidTRLZFlzSk1ZZ3phQkwzeFRid1A4In0.QhcCs-7Lv9dbHiWQp6JgaxZjPS1m9bGrV5RjfY1QNUBFC7XFdZuu0p5BZdn4xZMNBS1AnR2iOxtHPNa5YdK4ziaBKOn2_nOvrFtoCrPkllwrat8IQIf_iL4wFcHedaY7vQt3Y_P9v_POpth0KzKSv7XtlwbRM61RfVqXneWk-RDsMIROtwdyZY07e5evXTE2O8Jr1WM_LsW1KDiDf5NL_Y4lxWuoXu4h7eJAZehfTzv4JJo7tiPI4YscInC2dwYYgR1q9w651_6Dx7kwuwuT12-e9Z8Yj4hOV1r0EqYhnb46ME4BBNHQ6ELY56UYr_-Ewux75Tp4kUjefyQO0edkYA",
    "exp": "2025-07-09T08:47:39.000Z",
    "personId": null,
    "carrierOffice": null
}
  Given I have a authoriztionId and container number "MOBILE101"                                             # com.maersk.definations.vasUpsellDefinations.setAuthorizationShipmentNumber_DnDFreeTimeAPI(java.lang.String)
Request method:	POST
Request URI:	https://api-stage.maersk.com/vas-experience/dnd/freetime/MOBILE101
Proxy:			<none>
Request params:	<none>
Query params:	<none>
Form params:	<none>
Path params:	<none>
Headers:		Authorization=Bearer eyJ0eXAiOiJKV1QiLCJraWQiOiIzaTA5WlhQbE1PTEpCYXFnSHUxK3ZRc1AwOVU9IiwiYWxnIjoiUlMyNTYifQ.eyJhdF9oYXNoIjoiRFFfOENNTndxOC1SUXo4VnQwRVZWUSIsInN1YiI6Im1vYl91c2VyXzIiLCJmaXJzdG5hbWUiOiJBaG1lciIsImF1ZGl0VHJhY2tpbmdJZCI6ImU0ZjU4ZjM2LTVhMWUtNDMyNy04ODUyLTg1ZDQ4YmNkM2VjMy0yMzcyMDk1Iiwicm9sZXMiOlsiSW52b2ljZXMiLCJDb250cmFjdFJhdGUiLCJCb29raW5nIiwiV0JPTEFwcHJvdmVyIiwiUGF5bWVudHMiLCJCYXNpY0N1c3RvbWVyIiwiRG9jdW1lbnRhdGlvbiJdLCJpc3MiOiJodHRwczovL2lhbS1zdGFnZS5tYWVyc2suY29tL2FjbS9vYXV0aDIvbWF1IiwidG9rZW5OYW1lIjoiaWRfdG9rZW4iLCJvZmZpY2UiOiJBYXJodXMgLSBESyIsImFjciI6IjAiLCJhenAiOiJtY2EwMDEiLCJhdXRoX3RpbWUiOjE3NTIwNDM2NTgsInBlcnNvbmlkIjoiMTAwMDA4ODE5MjQiLCJleHAiOjE3NTIwNTA4NTksImlhdCI6MTc1MjA0MzY1OSwiY3VzdG9tZXJfY29kZSI6IjEwMDAwMDA3OTUxIiwiZW1haWwiOiJhaG1lci5oYXNobWlAbWFlcnNrLmNvbSIsIm5vbmNlIjoiaGhnYm5aQUc3cEhnQWlHYUE1dTMiLCJsYXN0bmFtZSI6Ikhhc2htaSIsImF1ZCI6Im1jYTAwMSIsImNfaGFzaCI6InRCQTdxODI1blU5Mm02UUU5WVloM3ciLCJjYXJyaWVyIjoiTUFFVSIsInVzZXJVdWlkIjoiZThjZDgzM2QtZTYxOS00YTg0LWFjZjAtZjVlY2MxYzZhNjViIiwicmVhbG0iOiIvbWF1IiwidG9rZW5UeXBlIjoiSldUVG9rZW4iLCJ1c2VybmFtZSI6Im1vYl91c2VyXzIifQ.j7R6rWHzmhDci7g14G29fGArOfkU3PmVHO9PC5rJwV4TXoay3vWR3UZGNbLhMsZ3Wjv0aIV4mTx4oIMZJjOouCMWWO2mgaYPAodq59l6L2p4Oer7EhA2PbKSUCizzhs_G-g4P4oq5U7UumbDepzVkV0yySx0p0BhL_5q7Kv8d6EhtO79d23aK_MatoXxAHRKUDe1B5yGCbkzXi-n-wlMzJrITAsNKyblaQiKYoLWI2M4E8Pclo86jtQZlOm9WyGHk-oMq-6QyhzKoQGW5MmsWs6OoH-bzUK_8eW45s9nihD1nHggAY8sTk4ur61xrHK19rLdR1FZY6bqy4P_pUdVd6GYHYTiYXeRXLw_7u5mJD_H7_DfELhB-fEcV2AoJeunaTn9ILFRsW5UVpf7jaCxMLrkjPteGi876mNlYCbwYhaua5OyjYPKxTHISaem6b7ob3KrAAsS4fBYMlUDdlGX3sXxJ3joIR0-AFaD_Q5vmhdnuGDWaEVngu3t-4H8h0ji
				Consumer-Key=ppsnjcf8DSKA95DBxGHTyBfv1ugamE7X
				Request-Source=Maersk Mobile App
				Charge-Source=CXED
				Accept=*/*
				Content-Type=application/json
Cookies:		<none>
Multiparts:		<none>
Body:
{
    "billOfLadingId": "MOBILE101",
    "carrierCode": "MAEU",
    "chargeType": "DMR",
    "containerDetails": [
        
    ],
    "customerCode": "10000007951",
    "requestedDateTime": "2025-08-08T00:00:00.000Z",
    "motherShipmentId": "MOBILE101",
    "chargesFromDate": null,
    "chargesToDate": null
}
{
    "tradingName": "",
    "correlationId": "9975e101-ffa1-47be-9eec-5a553a99b0cd",
    "billOfLadingId": "MOBILE101",
    "motherShipmentId": "MOBILE101",
    "customerCode": "10000007951",
    "carrierCode": "MAEU",
    "chargeType": "DMR",
    "currencyISOCode": "EUR",
    "chargeTypeDisplayName": "Demurrage",
    "isDndAllowed": false,
    "reason": [
        "FREETIME_NOT_IN_DATE_RANGE"
    ],
    "purchaseDays": "0",
    "ssibPurchaseDays": 0,
    "siPurchaseDays": 0,
    "importsPurchaseDays": 0,
    "containerCharges": [
        {
            "containerId": "GVCU4009810",
            "freePeriod": {
                "freeDays": 50,
                "freeTimeUnit": "DAYS",
                "lastFreeDate": "2025-07-04",
                "originalLastFreeDate": "2025-07-04",
                "estimatedStartDate": "2025-05-15"
            },
            "chargeablePeriod": {
                "startDate": "2025-07-05",
                "endDate": "2025-09-16",
                "chargesByDates": [
                    {
                        "date": "2025-07-09",
                        "amount": 355.00,
                        "chargeableDays": 5,
                        "tiers": [
                            {
                                "rate": 65.00,
                                "numberOfDays": 4
                            },
                            {
                                "rate": 95.00,
                                "numberOfDays": 1
                            }
                        ]
                    }
                ]
            }
        }
    ]
}
Response Body: {
    "tradingName": "",
    "correlationId": "9975e101-ffa1-47be-9eec-5a553a99b0cd",
    "billOfLadingId": "MOBILE101",
    "motherShipmentId": "MOBILE101",
    "customerCode": "10000007951",
    "carrierCode": "MAEU",
    "chargeType": "DMR",
    "currencyISOCode": "EUR",
    "chargeTypeDisplayName": "Demurrage",
    "isDndAllowed": false,
    "reason": [
        "FREETIME_NOT_IN_DATE_RANGE"
    ],
    "purchaseDays": "0",
    "ssibPurchaseDays": 0,
    "siPurchaseDays": 0,
    "importsPurchaseDays": 0,
    "containerCharges": [
        {
            "containerId": "GVCU4009810",
            "freePeriod": {
                "freeDays": 50,
                "freeTimeUnit": "DAYS",
                "lastFreeDate": "2025-07-04",
                "originalLastFreeDate": "2025-07-04",
                "estimatedStartDate": "2025-05-15"
            },
            "chargeablePeriod": {
                "startDate": "2025-07-05",
                "endDate": "2025-09-16",
                "chargesByDates": [
                    {
                        "date": "2025-07-09",
                        "amount": 355.00,
                        "chargeableDays": 5,
                        "tiers": [
                            {
                                "rate": 65.00,
                                "numberOfDays": 4
                            },
                            {
                                "rate": 95.00,
                                "numberOfDays": 1
                            }
                        ]
                    }
                ]
            }
        }
    ]
}
  When I send an POST request to DND free time API with container number                                     # com.maersk.definations.vasUpsellDefinations.sendPostRequest_DnDFreeTimeAPI()
*************************************************
Response Status: io.restassured.internal.ValidatableResponseImpl@6802d023
*************************************************
  Then the response status code of DND free time API should be "200"                                         # com.maersk.definations.vasUpsellDefinations.verifyStatusCode_DnDFreeTimeAPI(java.lang.String)
]]></system-out>
  </testcase>
  <testcase name="runScenario[&quot;Submit free time information with valid authorization and valid container number for multiple data&quot;, &quot;Optional[Free time API]&quot;](5)" classname="scriptRunner.vasUpselAPIRunner" time="3.065">
    <system-out><![CDATA[
Scenario: Submit free time information with valid authorization and valid container number for multiple data # src/test/resources/features/vasUpsell.feature:33
Request method:	POST
Request URI:	https://api-stage.maersk.com/shipmentmobile/security/authentication/external
Proxy:			<none>
Request params:	<none>
Query params:	<none>
Form params:	<none>
Path params:	<none>
Headers:		carrierCode=MAEU
				X-Requestor=K6 Shipment Mobile; 9feca62a49337fa9bfb9
				Consumer-Key=xSQt5NQjPGQOWasXuI19oKCALfJ7d4PP
				Accept=*/*
				Content-Type=application/json
Cookies:		<none>
Multiparts:		<none>
Body:
{
    "username": "mob_user_2",
    "password": "Maersk@6"
}
{
    "result": "SUCCESS",
    "tokenId": "zLWYLcD2_VuNy_1NnBjJhstRcfA.*AAJTSQACMDIAAlNLABxXRG03b1BFWncwcmcvaGJPSVI2ZjJSdVAvaEU9AAR0eXBlAANDVFMAAlMxAAIwNA..*",
    "authId": null,
    "multifactor": false
}
Request method:	POST
Request URI:	https://api-stage.maersk.com/shipmentmobile/security/tokens/external
Proxy:			<none>
Request params:	<none>
Query params:	<none>
Form params:	<none>
Path params:	<none>
Headers:		carrierCode=MAEU
				X-Requestor=K6 Shipment Mobile; 9feca62a49337fa9bfb9
				Consumer-Key=xSQt5NQjPGQOWasXuI19oKCALfJ7d4PP
				idToken=zLWYLcD2_VuNy_1NnBjJhstRcfA.*AAJTSQACMDIAAlNLABxXRG03b1BFWncwcmcvaGJPSVI2ZjJSdVAvaEU9AAR0eXBlAANDVFMAAlMxAAIwNA..*
				Accept=*/*
				Content-Type=application/json
Cookies:		<none>
Multiparts:		<none>
Body:
{
    "customerCode": "10000007951"
}
{
    "accessToken": "eyJ0eXAiOiJKV1QiLCJraWQiOiI4anlKRk93VFlWaFhYRDJIMS8wUEEwNGZLWUk9IiwiYWxnIjoiUlMyNTYifQ.eyJzdWIiOiJtb2JfdXNlcl8yIiwiY3RzIjoiT0FVVEgyX1NUQVRFTEVTU19HUkFOVCIsImF1dGhfbGV2ZWwiOjAsImF1ZGl0VHJhY2tpbmdJZCI6ImU0ZjU4ZjM2LTVhMWUtNDMyNy04ODUyLTg1ZDQ4YmNkM2VjMy0yMzcyMTI3Iiwic3VibmFtZSI6Im1vYl91c2VyXzIiLCJpc3MiOiJodHRwczovL2lhbS1zdGFnZS5tYWVyc2suY29tL2FjbS9vYXV0aDIvbWF1IiwidG9rZW5OYW1lIjoiYWNjZXNzX3Rva2VuIiwidG9rZW5fdHlwZSI6IkJlYXJlciIsImF1dGhHcmFudElkIjoiQnFBUnRsUXBNYmpWTENseFMzdjV2ckVKcU5BIiwibm9uY2UiOiJvam9ZNWM1Y2RNQkl5U1pzcnpHRiIsImF1ZCI6Im1jYTAwMSIsIm5iZiI6MTc1MjA0MzY2NCwiZ3JhbnRfdHlwZSI6ImF1dGhvcml6YXRpb25fY29kZSIsInNjb3BlIjpbIm9wZW5pZCIsInByb2ZpbGUiLCJlbWFpbCJdLCJhdXRoX3RpbWUiOjE3NTIwNDM2NjMsInJlYWxtIjoiL21hdSIsImV4cCI6MTc1MjA1MDg2NCwiaWF0IjoxNzUyMDQzNjY0LCJleHBpcmVzX2luIjo3MjAwLCJqdGkiOiJyVEl3cWtYNUc0Wk1xZzlPUWJpVGpMZnBTZm8iLCJ1c2VyVXVpZCI6ImU4Y2Q4MzNkLWU2MTktNGE4NC1hY2YwLWY1ZWNjMWM2YTY1YiIsImVtYWlsIjoiYWhtZXIuaGFzaG1pQG1hZXJzay5jb20iLCJhY2Nlc3NUeXBlIjoiZXh0ZXJuYWwifQ.XvUzwYwi2TdHqBkKOCFBLopMww-vyTRj-fKqY_p6dQuujpCiYcxBKRTwW90JS8vpTs4seQ6A4kfq-MiO66gj7FJsRcrDEm6TexZA7GFDlj48HASka8I6m9eBayvzWHy03UBPhNFtkRS044h_5-dQ3uuZ2FoeD36xyGFM_--maRUC-aNvm0Z0RbxgZAv4gtxZ3GD936Mlhh_V-o5xX83qyJVhN5MAIfCeJjI0WWWVoAqYgHCCIEQUH1xUbrgzyj5zvZ8eyjiclasEsFTtmN-ArRnJPx6EMsrJjG5uw_W5Gv3mBagctEhmU6_84Y9lOR1dc_Jtt7Rvy3HmHZ8-bJjwnQ",
[...]
Cookies:		<none>
Multiparts:		<none>
Body:
{
    "username": "mob_user_2",
    "password": "Maersk@6"
}
{
    "result": "SUCCESS",
    "tokenId": "etyy8lBjfCtCe_KjFqPnVciqyBs.*AAJTSQACMDIAAlNLABxVQVJ2OTRlaXdheTB0SDhjTkFjcHFMOTBQMUU9AAR0eXBlAANDVFMAAlMxAAIwNA..*",
    "authId": null,
    "multifactor": false
}
Request method:	POST
Request URI:	https://api-stage.maersk.com/shipmentmobile/security/tokens/external
Proxy:			<none>
Request params:	<none>
Query params:	<none>
Form params:	<none>
Path params:	<none>
Headers:		carrierCode=MAEU
				X-Requestor=K6 Shipment Mobile; 9feca62a49337fa9bfb9
				Consumer-Key=xSQt5NQjPGQOWasXuI19oKCALfJ7d4PP
				idToken=etyy8lBjfCtCe_KjFqPnVciqyBs.*AAJTSQACMDIAAlNLABxVQVJ2OTRlaXdheTB0SDhjTkFjcHFMOTBQMUU9AAR0eXBlAANDVFMAAlMxAAIwNA..*
				Accept=*/*
				Content-Type=application/json
Cookies:		<none>
Multiparts:		<none>
Body:
{
    "customerCode": "10000007951"
}
{
    "accessToken": "eyJ0eXAiOiJKV1QiLCJraWQiOiI4anlKRk93VFlWaFhYRDJIMS8wUEEwNGZLWUk9IiwiYWxnIjoiUlMyNTYifQ.eyJzdWIiOiJtb2JfdXNlcl8yIiwiY3RzIjoiT0FVVEgyX1NUQVRFTEVTU19HUkFOVCIsImF1dGhfbGV2ZWwiOjAsImF1ZGl0VHJhY2tpbmdJZCI6ImM0MDY0YTBjLTczNjAtNDZkZC1iNTc3LTM0MTA1NjdlNjI1OC0yMzU2MDU5Iiwic3VibmFtZSI6Im1vYl91c2VyXzIiLCJpc3MiOiJodHRwczovL2lhbS1zdGFnZS5tYWVyc2suY29tL2FjbS9vYXV0aDIvbWF1IiwidG9rZW5OYW1lIjoiYWNjZXNzX3Rva2VuIiwidG9rZW5fdHlwZSI6IkJlYXJlciIsImF1dGhHcmFudElkIjoidTM5bE5RNnh4bDhpRXBrb0dlWFlIazRBb3U0Iiwibm9uY2UiOiIwSDNpQVdKYTFPR1VZRkJWS1VXdyIsImF1ZCI6Im1jYTAwMSIsIm5iZiI6MTc1MjA0MzY3NCwiZ3JhbnRfdHlwZSI6ImF1dGhvcml6YXRpb25fY29kZSIsInNjb3BlIjpbIm9wZW5pZCIsInByb2ZpbGUiLCJlbWFpbCJdLCJhdXRoX3RpbWUiOjE3NTIwNDM2NzQsInJlYWxtIjoiL21hdSIsImV4cCI6MTc1MjA1MDg3NCwiaWF0IjoxNzUyMDQzNjc0LCJleHBpcmVzX2luIjo3MjAwLCJqdGkiOiJZRDFpd1ZIS3c2LWlabl9HdDBHSDBoTVdJdG8iLCJ1c2VyVXVpZCI6ImU4Y2Q4MzNkLWU2MTktNGE4NC1hY2YwLWY1ZWNjMWM2YTY1YiIsImVtYWlsIjoiYWhtZXIuaGFzaG1pQG1hZXJzay5jb20iLCJhY2Nlc3NUeXBlIjoiZXh0ZXJuYWwifQ.l_8zhdX3NApijyMVWt3mob6pqsOMG5Qgd_AQTqJYEq6_-pOmxHFPZMnPSH77Yub4G1OuAulw3uOuXaD0ZAXf0OiJ0TyHRCoVTeHCwzEsd8H6NcMxFH7yqXmmab9qgTTgPCOPcirbS3yOiDwgSWetj2hhByXPjACdpKYh0uyTU6AnHWEtbxCZYEvXGTwMq3E5FB-1QP8DG7fcn30BYft_xHzhAkWa7vEuVxKN76Z-2iVXtmmqko1ergB8kKyLLJ7rGDlaZh-PTsN34v66Y3MueHI9_MK-vZArYkE8Sieh73evNEc8vLHAA_hERiLVkKTLcjCplnITdoGXFcIwz6_hpg",
    "idToken": "eyJ0eXAiOiJKV1QiLCJraWQiOiIzaTA5WlhQbE1PTEpCYXFnSHUxK3ZRc1AwOVU9IiwiYWxnIjoiUlMyNTYifQ.eyJhdF9oYXNoIjoiT2hWSW1oejNsdGNEdVhNLW1iUThvQSIsInN1YiI6Im1vYl91c2VyXzIiLCJmaXJzdG5hbWUiOiJBaG1lciIsImF1ZGl0VHJhY2tpbmdJZCI6ImM0MDY0YTBjLTczNjAtNDZkZC1iNTc3LTM0MTA1NjdlNjI1OC0yMzU2MDYxIiwicm9sZXMiOlsiSW52b2ljZXMiLCJDb250cmFjdFJhdGUiLCJCb29raW5nIiwiV0JPTEFwcHJvdmVyIiwiUGF5bWVudHMiLCJCYXNpY0N1c3RvbWVyIiwiRG9jdW1lbnRhdGlvbiJdLCJpc3MiOiJodHRwczovL2lhbS1zdGFnZS5tYWVyc2suY29tL2FjbS9vYXV0aDIvbWF1IiwidG9rZW5OYW1lIjoiaWRfdG9rZW4iLCJvZmZpY2UiOiJBYXJodXMgLSBESyIsImFjciI6IjAiLCJhenAiOiJtY2EwMDEiLCJhdXRoX3RpbWUiOjE3NTIwNDM2NzQsInBlcnNvbmlkIjoiMTAwMDA4ODE5MjQiLCJleHAiOjE3NTIwNTA4NzQsImlhdCI6MTc1MjA0MzY3NCwiY3VzdG9tZXJfY29kZSI6IjEwMDAwMDA3OTUxIiwiZW1haWwiOiJhaG1lci5oYXNobWlAbWFlcnNrLmNvbSIsIm5vbmNlIjoiMEgzaUFXSmExT0dVWUZCVktVV3ciLCJsYXN0bmFtZSI6Ikhhc2htaSIsImF1ZCI6Im1jYTAwMSIsImNfaGFzaCI6IlpzcW1KTnh6LUpta0ttU0JBSC0zSEEiLCJjYXJyaWVyIjoiTUFFVSIsInVzZXJVdWlkIjoiZThjZDgzM2QtZTYxOS00YTg0LWFjZjAtZjVlY2MxYzZhNjViIiwicmVhbG0iOiIvbWF1IiwidG9rZW5UeXBlIjoiSldUVG9rZW4iLCJ1c2VybmFtZSI6Im1vYl91c2VyXzIifQ.pNl1DsAMllk2QJqtQrCggxs6m-Kl5n_e0AW5faXnQqKZmlp33Aj2D48KvY2jvXDkqWALEDQ2JyhiX3fP5wX39dhI0OlORMLkeajBBlOJihngwTYiy3tSCSvGES5IaWjsAHLZvHMcaHR_I-R5PsMXdEFY09-1xyqCJna72c9Sn1RC5f288fNfG2sJgWKGbgYlcNrDsNAGGh3kLd4A0S-jiefozNk34vao7AB7_PVWHSr-yAuV4wzv71h1QbvjogPxs2gT29Qhyn3s59q3S6_fCGEN9hu3scFVcl0yIrBZQdie2tz0IPW2PwoLQ-xRw1YkWGzm05NCgHFYZA3R21i_KZUhpMXimZZOpLFe3LAau2sK4EK6vCWf4zK26Er9-WWaHr70LKwbX9no1p1AvXr6qzR6gZIZDYxwtLrcewPq78h7PlfPr0EWAG2Ipe0OOm5zo9WBKu1yNL3L46FEprpS_SFZNrRKuMK0ZCiq_GeGJhYYy5EPee2i_hMTG4OFJH0r",
    "refreshToken": "eyJ0eXAiOiJKV1QiLCJraWQiOiI4anlKRk93VFlWaFhYRDJIMS8wUEEwNGZLWUk9IiwiYWxnIjoiUlMyNTYifQ.eyJzdWIiOiJtb2JfdXNlcl8yIiwiY3RzIjoiT0FVVEgyX1NUQVRFTEVTU19HUkFOVCIsImF1dGhfbGV2ZWwiOjAsImF1ZGl0VHJhY2tpbmdJZCI6ImM0MDY0YTBjLTczNjAtNDZkZC1iNTc3LTM0MTA1NjdlNjI1OC0yMzU2MDYwIiwic3VibmFtZSI6Im1vYl91c2VyXzIiLCJpc3MiOiJodHRwczovL2lhbS1zdGFnZS5tYWVyc2suY29tL2FjbS9vYXV0aDIvbWF1IiwidG9rZW5OYW1lIjoicmVmcmVzaF90b2tlbiIsInRva2VuX3R5cGUiOiJCZWFyZXIiLCJhdXRoR3JhbnRJZCI6InUzOWxOUTZ4eGw4aUVwa29HZVhZSGs0QW91NCIsImF1ZCI6Im1jYTAwMSIsImFjciI6IjAiLCJuYmYiOjE3NTIwNDM2NzQsImdyYW50X3R5cGUiOiJhdXRob3JpemF0aW9uX2NvZGUiLCJzY29wZSI6WyJvcGVuaWQiLCJwcm9maWxlIiwiZW1haWwiXSwiYXV0aF90aW1lIjoxNzUyMDQzNjc0LCJyZWFsbSI6Ii9tYXUiLCJleHAiOjE3NTk5MzM2NzQsImlhdCI6MTc1MjA0MzY3NCwiZXhwaXJlc19pbiI6Nzg5MDAwMCwianRpIjoiZ3ZkM0VxWC1ISVVPaFNOcjkxSjdMaXJaaWprIn0.RPmrCMiQDppec0sIRb_7An_sG73gH2fi6SMQo-HOI7Huozs_rPAt7seT5xgz0U7WNxY3Qca7iseLuiym1WzmZ24smXJzwffikUXrQZVrzMO0EpJhFHyNwXxN8TwJWMVlx4sEKDDb5f4Y0tTTUPRGoXg8RfDcSlEm2kdpWIDz9MbhQXFjjzz5X2AIpqBj-zF-noxmZrMjqIwrBEIQwCP0TbbONPuuUhTw_XlCVoYEloC_kJayCGWKosy6OI8NOVSa8ruy_BwNx0aUEo1uuluyg-tPsq-Fyj0NAErn_Gct5wYhtn2ocnDOpDoVVixP2VuneCnJev8EjOU2J7BZ-p3e6g",
    "exp": "2025-07-09T08:47:54.000Z",
    "personId": null,
    "carrierOffice": null
}
  Given a authoriztionId and device ID "f44abee1-872d-80e2-0c74880fcdf9"                # com.maersk.definations.notificationDefinations.setAuthorizationDeviceID_NotificationsPreferencesAPI(java.lang.String)
Request method:	GET
Request URI:	https://api-stage.maersk.com/notifications/public/mobile/f44abee1-872d-80e2-0c74880fcdf9/preferences
Proxy:			<none>
Request params:	<none>
Query params:	<none>
Form params:	<none>
Path params:	<none>
Headers:		Authorization=Bearer eyJ0eXAiOiJKV1QiLCJraWQiOiIzaTA5WlhQbE1PTEpCYXFnSHUxK3ZRc1AwOVU9IiwiYWxnIjoiUlMyNTYifQ.eyJhdF9oYXNoIjoiT2hWSW1oejNsdGNEdVhNLW1iUThvQSIsInN1YiI6Im1vYl91c2VyXzIiLCJmaXJzdG5hbWUiOiJBaG1lciIsImF1ZGl0VHJhY2tpbmdJZCI6ImM0MDY0YTBjLTczNjAtNDZkZC1iNTc3LTM0MTA1NjdlNjI1OC0yMzU2MDYxIiwicm9sZXMiOlsiSW52b2ljZXMiLCJDb250cmFjdFJhdGUiLCJCb29raW5nIiwiV0JPTEFwcHJvdmVyIiwiUGF5bWVudHMiLCJCYXNpY0N1c3RvbWVyIiwiRG9jdW1lbnRhdGlvbiJdLCJpc3MiOiJodHRwczovL2lhbS1zdGFnZS5tYWVyc2suY29tL2FjbS9vYXV0aDIvbWF1IiwidG9rZW5OYW1lIjoiaWRfdG9rZW4iLCJvZmZpY2UiOiJBYXJodXMgLSBESyIsImFjciI6IjAiLCJhenAiOiJtY2EwMDEiLCJhdXRoX3RpbWUiOjE3NTIwNDM2NzQsInBlcnNvbmlkIjoiMTAwMDA4ODE5MjQiLCJleHAiOjE3NTIwNTA4NzQsImlhdCI6MTc1MjA0MzY3NCwiY3VzdG9tZXJfY29kZSI6IjEwMDAwMDA3OTUxIiwiZW1haWwiOiJhaG1lci5oYXNobWlAbWFlcnNrLmNvbSIsIm5vbmNlIjoiMEgzaUFXSmExT0dVWUZCVktVV3ciLCJsYXN0bmFtZSI6Ikhhc2htaSIsImF1ZCI6Im1jYTAwMSIsImNfaGFzaCI6IlpzcW1KTnh6LUpta0ttU0JBSC0zSEEiLCJjYXJyaWVyIjoiTUFFVSIsInVzZXJVdWlkIjoiZThjZDgzM2QtZTYxOS00YTg0LWFjZjAtZjVlY2MxYzZhNjViIiwicmVhbG0iOiIvbWF1IiwidG9rZW5UeXBlIjoiSldUVG9rZW4iLCJ1c2VybmFtZSI6Im1vYl91c2VyXzIifQ.pNl1DsAMllk2QJqtQrCggxs6m-Kl5n_e0AW5faXnQqKZmlp33Aj2D48KvY2jvXDkqWALEDQ2JyhiX3fP5wX39dhI0OlORMLkeajBBlOJihngwTYiy3tSCSvGES5IaWjsAHLZvHMcaHR_I-R5PsMXdEFY09-1xyqCJna72c9Sn1RC5f288fNfG2sJgWKGbgYlcNrDsNAGGh3kLd4A0S-jiefozNk34vao7AB7_PVWHSr-yAuV4wzv71h1QbvjogPxs2gT29Qhyn3s59q3S6_fCGEN9hu3scFVcl0yIrBZQdie2tz0IPW2PwoLQ-xRw1YkWGzm05NCgHFYZA3R21i_KZUhpMXimZZOpLFe3LAau2sK4EK6vCWf4zK26Er9-WWaHr70LKwbX9no1p1AvXr6qzR6gZIZDYxwtLrcewPq78h7PlfPr0EWAG2Ipe0OOm5zo9WBKu1yNL3L46FEprpS_SFZNrRKuMK0ZCiq_GeGJhYYy5EPee2i_hMTG4OFJH0r
				Consumer-Key=xSQt5NQjPGQOWasXuI19oKCALfJ7d4PP
				Accept=*/*
				Content-Type=application/json
Cookies:		<none>
Multiparts:		<none>
Body:			<none>

Response Status: 404
Response Body: 
  When I send a GET request to Notification Preferences API endpoint                    # com.maersk.definations.notificationDefinations.sendGetRequest_NotificationsPreferencesAPI()
  Then the response status code of Notification Preferences API request should be "404" # com.maersk.definations.notificationDefinations.verifyStatusCode_NotificationsPreferencesAPI(java.lang.String)
]]></system-out>
  </testcase>
  <testcase name="runScenario[&quot;Validate the Notification Preferences API for an invalid device ID&quot;, &quot;Optional[Notifications API]&quot;](3)" classname="scriptRunner.notificationAPIRunner" time="1.588">
    <system-out><![CDATA[
Scenario: Validate the Notification Preferences API for an invalid device ID            # src/test/resources/features/notifications.feature:25
Request method:	POST
Request URI:	https://api-stage.maersk.com/shipmentmobile/security/authentication/external
Proxy:			<none>
Request params:	<none>
Query params:	<none>
Form params:	<none>
Path params:	<none>
Headers:		carrierCode=MAEU
				X-Requestor=K6 Shipment Mobile; 9feca62a49337fa9bfb9
				Consumer-Key=xSQt5NQjPGQOWasXuI19oKCALfJ7d4PP
				Accept=*/*
				Content-Type=application/json
Cookies:		<none>
Multiparts:		<none>
Body:
{
    "username": "mob_user_2",
    "password": "Maersk@6"
}
{
    "result": "SUCCESS",
    "tokenId": "wKTv7bAMoU8NskGysCz-QBIW-uA.*AAJTSQACMDIAAlNLABw0Ym5IcU52VG9RcHBvTHJWQ3lFc0NhcC9vV3M9AAR0eXBlAANDVFMAAlMxAAIwNQ..*",
    "authId": null,
    "multifactor": false
}
Request method:	POST
Request URI:	https://api-stage.maersk.com/shipmentmobile/security/tokens/external
Proxy:			<none>
Request params:	<none>
Query params:	<none>
Form params:	<none>
Path params:	<none>
Headers:		carrierCode=MAEU
				X-Requestor=K6 Shipment Mobile; 9feca62a49337fa9bfb9
				Consumer-Key=xSQt5NQjPGQOWasXuI19oKCALfJ7d4PP
				idToken=wKTv7bAMoU8NskGysCz-QBIW-uA.*AAJTSQACMDIAAlNLABw0Ym5IcU52VG9RcHBvTHJWQ3lFc0NhcC9vV3M9AAR0eXBlAANDVFMAAlMxAAIwNQ..*
				Accept=*/*
				Content-Type=application/json
Cookies:		<none>
Multiparts:		<none>
Body:
{
    "customerCode": "10000007951"
}
{
    "accessToken": "eyJ0eXAiOiJKV1QiLCJraWQiOiI4anlKRk93VFlWaFhYRDJIMS8wUEEwNGZLWUk9IiwiYWxnIjoiUlMyNTYifQ.eyJzdWIiOiJtb2JfdXNlcl8yIiwiY3RzIjoiT0FVVEgyX1NUQVRFTEVTU19HUkFOVCIsImF1dGhfbGV2ZWwiOjAsImF1ZGl0VHJhY2tpbmdJZCI6ImM0MDY0YTBjLTczNjAtNDZkZC1iNTc3LTM0MTA1NjdlNjI1OC0yMzU2MDcxIiwic3VibmFtZSI6Im1vYl91c2VyXzIiLCJpc3MiOiJodHRwczovL2lhbS1zdGFnZS5tYWVyc2suY29tL2FjbS9vYXV0aDIvbWF1IiwidG9rZW5OYW1lIjoiYWNjZXNzX3Rva2VuIiwidG9rZW5fdHlwZSI6IkJlYXJlciIsImF1dGhHcmFudElkIjoibG9KV3ZMblJKMnY3cXBMc2pwbmRwZk5iRXhzIiwibm9uY2UiOiJ5VGoyN2NzS3NtWW1zVndIcWI5NyIsImF1ZCI6Im1jYTAwMSIsIm5iZiI6MTc1MjA0MzY3NywiZ3JhbnRfdHlwZSI6ImF1dGhvcml6YXRpb25fY29kZSIsInNjb3BlIjpbIm9wZW5pZCIsInByb2ZpbGUiLCJlbWFpbCJdLCJhdXRoX3RpbWUiOjE3NTIwNDM2NzYsInJlYWxtIjoiL21hdSIsImV4cCI6MTc1MjA1MDg3NywiaWF0IjoxNzUyMDQzNjc3LCJleHBpcmVzX2luIjo3MjAwLCJqdGkiOiJIS2JfOXJIMWR5cEREZDF1Nl9HTnpwb081ZUUiLCJ1c2VyVXVpZCI6ImU4Y2Q4MzNkLWU2MTktNGE4NC1hY2YwLWY1ZWNjMWM2YTY1YiIsImVtYWlsIjoiYWhtZXIuaGFzaG1pQG1hZXJzay5jb20iLCJhY2Nlc3NUeXBlIjoiZXh0ZXJuYWwifQ.ihlHVLWQPiloTAzf6ZWaXjJU32h1kQTuZcfoeAYeLnQzmGzGGEO4QJedflcH5ysT3jNY8JECxRiNFS57wobi7hyRl9ee59hxLcZMyP50daYpNtKQeE0jIi2Rfx6uKfavWkuYct4YQ7jcBF4nBe_eCpZVUrOiftCG-5lD_j6qMd6DZNfTK9DWevK7_AxWM5Vl8QiXDX6jx-khUIWC3OT397RLVuBVKpk1lfFXMHeaN-V-CBS6Y-rkTxoP-EMfnI1BQXUsaA89rSZEygvSlyU1FMP8W2nPWx6JWENyFgXWpeavWm2XPYq7ZkDTA9oaxJdIAA5cE05IqDfR7Hajxc9Rqg",
    "idToken": "eyJ0eXAiOiJKV1QiLCJraWQiOiIzaTA5WlhQbE1PTEpCYXFnSHUxK3ZRc1AwOVU9IiwiYWxnIjoiUlMyNTYifQ.eyJhdF9oYXNoIjoiMjlna1ZsZnMwdWdpbjd4MXlKVTZFdyIsInN1YiI6Im1vYl91c2VyXzIiLCJmaXJzdG5hbWUiOiJBaG1lciIsImF1ZGl0VHJhY2tpbmdJZCI6ImM0MDY0YTBjLTczNjAtNDZkZC1iNTc3LTM0MTA1NjdlNjI1OC0yMzU2MDczIiwicm9sZXMiOlsiSW52b2ljZXMiLCJDb250cmFjdFJhdGUiLCJCb29raW5nIiwiV0JPTEFwcHJvdmVyIiwiUGF5bWVudHMiLCJCYXNpY0N1c3RvbWVyIiwiRG9jdW1lbnRhdGlvbiJdLCJpc3MiOiJodHRwczovL2lhbS1zdGFnZS5tYWVyc2suY29tL2FjbS9vYXV0aDIvbWF1IiwidG9rZW5OYW1lIjoiaWRfdG9rZW4iLCJvZmZpY2UiOiJBYXJodXMgLSBESyIsImFjciI6IjAiLCJhenAiOiJtY2EwMDEiLCJhdXRoX3RpbWUiOjE3NTIwNDM2NzYsInBlcnNvbmlkIjoiMTAwMDA4ODE5MjQiLCJleHAiOjE3NTIwNTA4NzcsImlhdCI6MTc1MjA0MzY3NywiY3VzdG9tZXJfY29kZSI6IjEwMDAwMDA3OTUxIiwiZW1haWwiOiJhaG1lci5oYXNobWlAbWFlcnNrLmNvbSIsIm5vbmNlIjoieVRqMjdjc0tzbVltc1Z3SHFiOTciLCJsYXN0bmFtZSI6Ikhhc2htaSIsImF1ZCI6Im1jYTAwMSIsImNfaGFzaCI6IjZ4amlNMU9zaVhJREJydlIxUFZpdGciLCJjYXJyaWVyIjoiTUFFVSIsInVzZXJVdWlkIjoiZThjZDgzM2QtZTYxOS00YTg0LWFjZjAtZjVlY2MxYzZhNjViIiwicmVhbG0iOiIvbWF1IiwidG9rZW5UeXBlIjoiSldUVG9rZW4iLCJ1c2VybmFtZSI6Im1vYl91c2VyXzIifQ.BmY0vP81v_E8CVGe4UGkj1d6TfJ1GzYftYvW2Tl27UMLtK8kisUviSlCp45Te3Ka3Oj64urJv_EOzp2aQv2N7ZD1izMGqaauO2zGl-GYhUcfAG3ResDaKYRX8BUNtJ8XZ2MW2VDCPopProwokPe617XBjsCpKSWSrn1oFBZHr-_VyzqSlRxqCOwVS36Da5BPnWuyjCzhmJhAcZQwTxLx1DBsiMwA1szyRZhC548HXczAmhgAJH10uuMGATk4xy-H43_FEWiHuI14BZlxTRelaADfzzYWPAJlO8asQbD0fleWHEwhU96qur4HqraNd7JRNmCt0f99dAa9PsKVm8lxPUNIXO5imO6CREu1mTGatX5Tmgl_s3glpVTvu_S6Lpz225VjVCAMsXe4csRjKyWW2-F_R4iXVmcWUbKcRWEFCw93vn7_-o9Fwyjx-Yc3AzLjUs19lq9FcQeAQij5nA9DuymwD1rzZrTCLl4_uZeWWhaX2Qipp4Na7u0-o8An5i1x",
    "refreshToken": "eyJ0eXAiOiJKV1QiLCJraWQiOiI4anlKRk93VFlWaFhYRDJIMS8wUEEwNGZLWUk9IiwiYWxnIjoiUlMyNTYifQ.eyJzdWIiOiJtb2JfdXNlcl8yIiwiY3RzIjoiT0FVVEgyX1NUQVRFTEVTU19HUkFOVCIsImF1dGhfbGV2ZWwiOjAsImF1ZGl0VHJhY2tpbmdJZCI6ImM0MDY0YTBjLTczNjAtNDZkZC1iNTc3LTM0MTA1NjdlNjI1OC0yMzU2MDcyIiwic3VibmFtZSI6Im1vYl91c2VyXzIiLCJpc3MiOiJodHRwczovL2lhbS1zdGFnZS5tYWVyc2suY29tL2FjbS9vYXV0aDIvbWF1IiwidG9rZW5OYW1lIjoicmVmcmVzaF90b2tlbiIsInRva2VuX3R5cGUiOiJCZWFyZXIiLCJhdXRoR3JhbnRJZCI6ImxvSld2TG5SSjJ2N3FwTHNqcG5kcGZOYkV4cyIsImF1ZCI6Im1jYTAwMSIsImFjciI6IjAiLCJuYmYiOjE3NTIwNDM2NzcsImdyYW50X3R5cGUiOiJhdXRob3JpemF0aW9uX2NvZGUiLCJzY29wZSI6WyJvcGVuaWQiLCJwcm9maWxlIiwiZW1haWwiXSwiYXV0aF90aW1lIjoxNzUyMDQzNjc2LCJyZWFsbSI6Ii9tYXUiLCJleHAiOjE3NTk5MzM2NzcsImlhdCI6MTc1MjA0MzY3NywiZXhwaXJlc19pbiI6Nzg5MDAwMCwianRpIjoieHhQMW9qRlNmbkhNNENnb3Z2TVMta2dLM01rIn0.oZWy_A3pe--shh4oTV95D7LhZol6EAXfIp9tDLXkaInGKIrcQzNQTc30PKEZo3L0IMgAlBj8bkL9rZ39WnfbX7gLe9HUKW3hhTcKtbAwOVLdN9qVQZNCoktJMoROxz6jdCCm5tCgkjErqW00z320YHWAdSWPLQ_Ox8KazOTX6TwZ-Bg-h3NQKS5o_wG3XWMOXCTUcKXtJiE8p0efbEI4_Eh8QDweTx2LVqAn5j32tpRY_0F9A1jBSOnrxjCd8IWUmkmAFnevbnTZ8D7rJmhIjTYQJKFUnGtEte1Cs04WLtPF16XF-t6kClGKAZdATFIZPWyGnRgkSIJmnwniqGtQQA",
    "exp": "2025-07-09T08:47:57.000Z",
    "personId": null,
    "carrierOffice": null
}
  Given a authoriztionId and device ID ""                                               # com.maersk.definations.notificationDefinations.setAuthorizationDeviceID_NotificationsPreferencesAPI(java.lang.String)
Request method:	GET
Request URI:	https://api-stage.maersk.com/notifications/public/mobile%2F%2Fpreferences
Proxy:			<none>
Request params:	<none>
Query params:	<none>
Form params:	<none>
Path params:	<none>
Headers:		Authorization=Bearer eyJ0eXAiOiJKV1QiLCJraWQiOiIzaTA5WlhQbE1PTEpCYXFnSHUxK3ZRc1AwOVU9IiwiYWxnIjoiUlMyNTYifQ.eyJhdF9oYXNoIjoiMjlna1ZsZnMwdWdpbjd4MXlKVTZFdyIsInN1YiI6Im1vYl91c2VyXzIiLCJmaXJzdG5hbWUiOiJBaG1lciIsImF1ZGl0VHJhY2tpbmdJZCI6ImM0MDY0YTBjLTczNjAtNDZkZC1iNTc3LTM0MTA1NjdlNjI1OC0yMzU2MDczIiwicm9sZXMiOlsiSW52b2ljZXMiLCJDb250cmFjdFJhdGUiLCJCb29raW5nIiwiV0JPTEFwcHJvdmVyIiwiUGF5bWVudHMiLCJCYXNpY0N1c3RvbWVyIiwiRG9jdW1lbnRhdGlvbiJdLCJpc3MiOiJodHRwczovL2lhbS1zdGFnZS5tYWVyc2suY29tL2FjbS9vYXV0aDIvbWF1IiwidG9rZW5OYW1lIjoiaWRfdG9rZW4iLCJvZmZpY2UiOiJBYXJodXMgLSBESyIsImFjciI6IjAiLCJhenAiOiJtY2EwMDEiLCJhdXRoX3RpbWUiOjE3NTIwNDM2NzYsInBlcnNvbmlkIjoiMTAwMDA4ODE5MjQiLCJleHAiOjE3NTIwNTA4NzcsImlhdCI6MTc1MjA0MzY3NywiY3VzdG9tZXJfY29kZSI6IjEwMDAwMDA3OTUxIiwiZW1haWwiOiJhaG1lci5oYXNobWlAbWFlcnNrLmNvbSIsIm5vbmNlIjoieVRqMjdjc0tzbVltc1Z3SHFiOTciLCJsYXN0bmFtZSI6Ikhhc2htaSIsImF1ZCI6Im1jYTAwMSIsImNfaGFzaCI6IjZ4amlNMU9zaVhJREJydlIxUFZpdGciLCJjYXJyaWVyIjoiTUFFVSIsInVzZXJVdWlkIjoiZThjZDgzM2QtZTYxOS00YTg0LWFjZjAtZjVlY2MxYzZhNjViIiwicmVhbG0iOiIvbWF1IiwidG9rZW5UeXBlIjoiSldUVG9rZW4iLCJ1c2VybmFtZSI6Im1vYl91c2VyXzIifQ.BmY0vP81v_E8CVGe4UGkj1d6TfJ1GzYftYvW2Tl27UMLtK8kisUviSlCp45Te3Ka3Oj64urJv_EOzp2aQv2N7ZD1izMGqaauO2zGl-GYhUcfAG3ResDaKYRX8BUNtJ8XZ2MW2VDCPopProwokPe617XBjsCpKSWSrn1oFBZHr-_VyzqSlRxqCOwVS36Da5BPnWuyjCzhmJhAcZQwTxLx1DBsiMwA1szyRZhC548HXczAmhgAJH10uuMGATk4xy-H43_FEWiHuI14BZlxTRelaADfzzYWPAJlO8asQbD0fleWHEwhU96qur4HqraNd7JRNmCt0f99dAa9PsKVm8lxPUNIXO5imO6CREu1mTGatX5Tmgl_s3glpVTvu_S6Lpz225VjVCAMsXe4csRjKyWW2-F_R4iXVmcWUbKcRWEFCw93vn7_-o9Fwyjx-Yc3AzLjUs19lq9FcQeAQij5nA9DuymwD1rzZrTCLl4_uZeWWhaX2Qipp4Na7u0-o8An5i1x
				Consumer-Key=xSQt5NQjPGQOWasXuI19oKCALfJ7d4PP
				Accept=*/*
				Content-Type=application/json
Cookies:		<none>
Multiparts:		<none>
Body:			<none>
{
    "fault": {
        "faultstring": "Unable to identify proxy for host: maersk-host and url: /notifications/public/mobile%2F%2Fpreferences",
        "detail": {
            "errorcode": "messaging.adaptors.http.flow.ApplicationNotFound"
        }
    }
}
Response Status: 404
Response Body: {
    "fault": {
        "faultstring": "Unable to identify proxy for host: maersk-host and url: /notifications/public/mobile%2F%2Fpreferences",
        "detail": {
            "errorcode": "messaging.adaptors.http.flow.ApplicationNotFound"
        }
    }
}
  When I send a GET request to Notification Preferences API endpoint                    # com.maersk.definations.notificationDefinations.sendGetRequest_NotificationsPreferencesAPI()
  Then the response status code of Notification Preferences API request should be "404" # com.maersk.definations.notificationDefinations.verifyStatusCode_NotificationsPreferencesAPI(java.lang.String)
]]></system-out>
  </testcase>
  <testcase name="runScenario[&quot;Validate the Notification Preferences API for an unauthorized user&quot;, &quot;Optional[Notifications API]&quot;](4)" classname="scriptRunner.notificationAPIRunner" time="1.242">
    <system-out><![CDATA[
Scenario: Validate the Notification Preferences API for an unauthorized user                               # src/test/resources/features/notifications.feature:35
  Given a invalid authoriztionId and device ID "f44abee1-872d-47ff-80e2-0c74880fcdf9" exists in the system # com.maersk.definations.notificationDefinations.setInvalidAuthorizationDeviceID_NotificationsPreferencesAPI(java.lang.String)
Request method:	GET
Request URI:	https://api-stage.maersk.com/notifications/public/mobile/f44abee1-872d-47ff-80e2-0c74880fcdf9/preferences
Proxy:			<none>
Request params:	<none>
Query params:	<none>
Form params:	<none>
Path params:	<none>
Headers:		Authorization=Bearer eyJ0eXAiOiJKV1QiLCJraWQiOiIzaTA5WlhQbE1PTEpCYXFnSHUxK3ZRc1AwOVU9IiwiYWxnIjoiUlMyNTYifQ.eyJhdF9oYXNoIjoiRWpHVDhscWxpd1FtdVV2TVBxR2FGdyIsInN1YiI6Im1vYl91c2VyXzIiLCJmaXJzdG5hbWUiOiJBaG1lciIsImF1ZGl0VHJhY2tpbmdJZCI6ImI1ZjIxYmU2LTczMzUtNGY3Mi05ZDY5LWU4NDM5YzY3YWFjMy0xOTMxNDgyIiwicm9sZXMiOlsiRG9jdW1lbnRhdGlvbiIsIlBheW1lbnRzIiwiQ29udHJhY3RSYXRlIiwiQm9va2luZyIsIkJhc2ljQ3VzdG9tZXIiLCJXQk9MQXBwcm92ZXIiLCJJbnZvaWNlcyJdLCJpc3MiOiJodHRwczovL2lhbS1zdGFnZS5tYWVyc2suY29tL2FjbS9vYXV0aDIvbWF1IiwidG9rZW5OYW1lIjoiaWRfdG9rZW4iLCJvZmZpY2UiOiJBYXJodXMgLSBESyIsImFjciI6IjAiLCJhenAiOiJtY2EwMDEiLCJhdXRoX3RpbWUiOjE3NDY2MjM1MzgsInBlcnNvbmlkIjoiMTAwMDA4ODE5MjQiLCJleHAiOjE3NDY2MzA3NDQsImlhdCI6MTc0NjYyMzU0NCwiY3VzdG9tZXJfY29kZSI6IjEwMDAwMDA3OTUxIiwiZW1haWwiOiJhaG1lci5oYXNobWlAbWFlcnNrLmNvbSIsIm5vbmNlIjoiaDlwemVLVVJYUUtvdTB6aE9IN0UiLCJsYXN0bmFtZSI6Ikhhc2htaSIsImF1ZCI6Im1jYTAwMSIsImNfaGFzaCI6ImttSERTWTR0S1RLVXp3WmlFMXRkRlEiLCJjYXJyaWVyIjoiTUFFVSIsInVzZXJVdWlkIjoiZThjZDgzM2QtZTYxOS00YTg0LWFjZjAtZjVlY2MxYzZhNjViIiwicmVhbG0iOiIvbWF1IiwidG9rZW5UeXBlIjoiSldUVG9rZW4iLCJ1c2VybmFtZSI6Im1vYl91c2VyXzIifQ.biWvPgWsYGYBrfHcz_6eL14lLYMjxGRxNZLtbGwKXjoRvl11oyevy0vA6DgquMJndJydogn_3BoFCjnsje7UgJk-EieBGtxZIT4Li5p9rmDgSwLmW8GaGQuHn6Y56Iw-JOqm5QssFXkKyBrboUEYhywFqKgWFaAvhx_uVz6aRxSFEYA6RjlcOcE1nfyTpp2koPRm27s4Pqi2iQt0fTZhZoLkGa71rXmqQYIKZwVn7MRUoD2iVgwbM43kSsF6ciRlVq9mcGhPhap0V-hXzJVSONM7cqFoJNwU-6JffN2_rmhS-IC15LJrX3Y9au8Ob2-ntsB57hB_HwixCUsMgkgWKyFd_a-_DO97nWVFXY-3x5hBCuR8TnhB0AGd3yC7nLSIglm-mcZ0WvN9enulalaQx2Hfzyk3LBfE5wmzRZYeOHcBNxdCOgLtvIaFHHxX63S65DTiAD6MPkw9xlawZ0OyODD53BwqTqKkdK7grtr
				Consumer-Key=xSQt5NQjPGQOWasXuI19oKCALfJ7d4PP
				Accept=*/*
				Content-Type=application/json
Cookies:		<none>
Multiparts:		<none>
Body:			<none>

Response Status: 401
Response Body: 
  When I send a GET request to Notification Preferences API endpoint                                       # com.maersk.definations.notificationDefinations.sendGetRequest_NotificationsPreferencesAPI()
  Then the response status code of Notification Preferences API request should be "401"                    # com.maersk.definations.notificationDefinations.verifyStatusCode_NotificationsPreferencesAPI(java.lang.String)
]]></system-out>
  </testcase>
</testsuite>