<?xml version="1.0" encoding="UTF-8"?>
<testng-results ignored="0" total="19" passed="19" failed="0" skipped="0">
  <reporter-output>
  </reporter-output>
  <suite started-at="2025-07-09T12:17:18 IST" name="Maersk BDD Suite" finished-at="2025-07-09T12:18:01 IST" duration-ms="43140">
    <groups>
      <group name="cucumber">
        <method signature="AbstractTestNGCucumberTests.runScenario(io.cucumber.testng.PickleWrapper,io.cucumber.testng.FeatureWrapper)[pri:0, instance:scriptRunner.externalLoginAPIRunner@20d28811]" name="runScenario" class="io.cucumber.testng.AbstractTestNGCucumberTests"/>
        <method signature="AbstractTestNGCucumberTests.runScenario(io.cucumber.testng.PickleWrapper,io.cucumber.testng.FeatureWrapper)[pri:0, instance:scriptRunner.vasUpselAPIRunner@72a7c7e0]" name="runScenario" class="io.cucumber.testng.AbstractTestNGCucumberTests"/>
        <method signature="AbstractTestNGCucumberTests.runScenario(io.cucumber.testng.PickleWrapper,io.cucumber.testng.FeatureWrapper)[pri:0, instance:scriptRunner.notificationAPIRunner@17046283]" name="runScenario" class="io.cucumber.testng.AbstractTestNGCucumberTests"/>
      </group> <!-- cucumber -->
    </groups>
    <test started-at="2025-07-09T12:17:18 IST" name="External Login API Tests" finished-at="2025-07-09T12:17:30 IST" duration-ms="12238">
      <class name="scriptRunner.externalLoginAPIRunner">
        <test-method is-config="true" signature="setUpClass()[pri:0, instance:scriptRunner.externalLoginAPIRunner@20d28811]" started-at="2025-07-09T12:17:18 IST" name="setUpClass" finished-at="2025-07-09T12:17:18 IST" duration-ms="257" status="PASS">
          <reporter-output>
          </reporter-output>
        </test-method> <!-- setUpClass -->
        <test-method signature="runScenario(io.cucumber.testng.PickleWrapper,io.cucumber.testng.FeatureWrapper)[pri:0, instance:scriptRunner.externalLoginAPIRunner@20d28811]" started-at="2025-07-09T12:17:18 IST" name="runScenario" description="Runs Cucumber Scenarios" data-provider="scenarios" finished-at="2025-07-09T12:17:20 IST" duration-ms="2553" status="PASS">
          <params>
            <param index="0">
              <value>
                <![CDATA["Validate Authentication External Login API with valid credentials for multiple user"]]>
              </value>
            </param>
            <param index="1">
              <value>
                <![CDATA["Optional[Authentication External Login API]"]]>
              </value>
            </param>
          </params>
          <reporter-output>
          </reporter-output>
        </test-method> <!-- runScenario -->
        <test-method signature="runScenario(io.cucumber.testng.PickleWrapper,io.cucumber.testng.FeatureWrapper)[pri:0, instance:scriptRunner.externalLoginAPIRunner@20d28811]" started-at="2025-07-09T12:17:20 IST" name="runScenario" description="Runs Cucumber Scenarios" data-provider="scenarios" finished-at="2025-07-09T12:17:21 IST" duration-ms="709" status="PASS">
          <params>
            <param index="0">
              <value>
                <![CDATA["Validate Authentication External Login API with valid credentials for multiple user"]]>
              </value>
            </param>
            <param index="1">
              <value>
                <![CDATA["Optional[Authentication External Login API]"]]>
              </value>
            </param>
          </params>
          <reporter-output>
          </reporter-output>
        </test-method> <!-- runScenario -->
        <test-method signature="runScenario(io.cucumber.testng.PickleWrapper,io.cucumber.testng.FeatureWrapper)[pri:0, instance:scriptRunner.externalLoginAPIRunner@20d28811]" started-at="2025-07-09T12:17:21 IST" name="runScenario" description="Runs Cucumber Scenarios" data-provider="scenarios" finished-at="2025-07-09T12:17:22 IST" duration-ms="617" status="PASS">
          <params>
            <param index="0">
              <value>
                <![CDATA["Validate  Authentication External Login API with invalid credentials"]]>
              </value>
            </param>
            <param index="1">
              <value>
                <![CDATA["Optional[Authentication External Login API]"]]>
              </value>
            </param>
          </params>
          <reporter-output>
          </reporter-output>
        </test-method> <!-- runScenario -->
        <test-method signature="runScenario(io.cucumber.testng.PickleWrapper,io.cucumber.testng.FeatureWrapper)[pri:0, instance:scriptRunner.externalLoginAPIRunner@20d28811]" started-at="2025-07-09T12:17:22 IST" name="runScenario" description="Runs Cucumber Scenarios" data-provider="scenarios" finished-at="2025-07-09T12:17:23 IST" duration-ms="923" status="PASS">
          <params>
            <param index="0">
              <value>
                <![CDATA["Validate  Authentication External Login API with invalid credentials"]]>
              </value>
            </param>
            <param index="1">
              <value>
                <![CDATA["Optional[Authentication External Login API]"]]>
              </value>
            </param>
          </params>
          <reporter-output>
          </reporter-output>
        </test-method> <!-- runScenario -->
        <test-method signature="runScenario(io.cucumber.testng.PickleWrapper,io.cucumber.testng.FeatureWrapper)[pri:0, instance:scriptRunner.externalLoginAPIRunner@20d28811]" started-at="2025-07-09T12:17:23 IST" name="runScenario" description="Runs Cucumber Scenarios" data-provider="scenarios" finished-at="2025-07-09T12:17:23 IST" duration-ms="415" status="PASS">
          <params>
            <param index="0">
              <value>
                <![CDATA["Validate  Authentication External Login API with invalid credentials"]]>
              </value>
            </param>
            <param index="1">
              <value>
                <![CDATA["Optional[Authentication External Login API]"]]>
              </value>
            </param>
          </params>
          <reporter-output>
          </reporter-output>
        </test-method> <!-- runScenario -->
        <test-method signature="runScenario(io.cucumber.testng.PickleWrapper,io.cucumber.testng.FeatureWrapper)[pri:0, instance:scriptRunner.externalLoginAPIRunner@20d28811]" started-at="2025-07-09T12:17:23 IST" name="runScenario" description="Runs Cucumber Scenarios" data-provider="scenarios" finished-at="2025-07-09T12:17:24 IST" duration-ms="711" status="PASS">
          <params>
            <param index="0">
              <value>
                <![CDATA["Validate  Authentication External Login API with invalid credentials"]]>
              </value>
            </param>
            <param index="1">
              <value>
                <![CDATA["Optional[Authentication External Login API]"]]>
              </value>
            </param>
          </params>
          <reporter-output>
          </reporter-output>
        </test-method> <!-- runScenario -->
        <test-method signature="runScenario(io.cucumber.testng.PickleWrapper,io.cucumber.testng.FeatureWrapper)[pri:0, instance:scriptRunner.externalLoginAPIRunner@20d28811]" started-at="2025-07-09T12:17:24 IST" name="runScenario" description="Runs Cucumber Scenarios" data-provider="scenarios" finished-at="2025-07-09T12:17:26 IST" duration-ms="1727" status="PASS">
          <params>
            <param index="0">
              <value>
                <![CDATA["Validate  Authentication External Login API with invalid credentials"]]>
              </value>
            </param>
            <param index="1">
              <value>
                <![CDATA["Optional[Authentication External Login API]"]]>
              </value>
            </param>
          </params>
          <reporter-output>
          </reporter-output>
        </test-method> <!-- runScenario -->
        <test-method signature="runScenario(io.cucumber.testng.PickleWrapper,io.cucumber.testng.FeatureWrapper)[pri:0, instance:scriptRunner.externalLoginAPIRunner@20d28811]" started-at="2025-07-09T12:17:26 IST" name="runScenario" description="Runs Cucumber Scenarios" data-provider="scenarios" finished-at="2025-07-09T12:17:27 IST" duration-ms="1233" status="PASS">
          <params>
            <param index="0">
              <value>
                <![CDATA["Validate Authentication External Login API with valid credentials for single user"]]>
              </value>
            </param>
            <param index="1">
              <value>
                <![CDATA["Optional[Authentication External Login API]"]]>
              </value>
            </param>
          </params>
          <reporter-output>
          </reporter-output>
        </test-method> <!-- runScenario -->
        <test-method signature="runScenario(io.cucumber.testng.PickleWrapper,io.cucumber.testng.FeatureWrapper)[pri:0, instance:scriptRunner.externalLoginAPIRunner@20d28811]" started-at="2025-07-09T12:17:27 IST" name="runScenario" description="Runs Cucumber Scenarios" data-provider="scenarios" finished-at="2025-07-09T12:17:27 IST" duration-ms="495" status="PASS">
          <params>
            <param index="0">
              <value>
                <![CDATA["Validate Refresh Token Login API for successful token generation with a valid CustomerCode"]]>
              </value>
            </param>
            <param index="1">
              <value>
                <![CDATA["Optional[Authentication External Login API]"]]>
              </value>
            </param>
          </params>
          <reporter-output>
          </reporter-output>
        </test-method> <!-- runScenario -->
        <test-method is-config="true" signature="tearDownClass()[pri:0, instance:scriptRunner.externalLoginAPIRunner@20d28811]" started-at="2025-07-09T12:17:27 IST" name="tearDownClass" finished-at="2025-07-09T12:17:30 IST" duration-ms="2577" status="PASS">
          <reporter-output>
          </reporter-output>
        </test-method> <!-- tearDownClass -->
      </class> <!-- scriptRunner.externalLoginAPIRunner -->
    </test> <!-- External Login API Tests -->
    <test started-at="2025-07-09T12:17:30 IST" name="VAS Upsell API Tests" finished-at="2025-07-09T12:17:50 IST" duration-ms="19823">
      <class name="scriptRunner.vasUpselAPIRunner">
        <test-method is-config="true" signature="setUpClass()[pri:0, instance:scriptRunner.vasUpselAPIRunner@72a7c7e0]" started-at="2025-07-09T12:17:30 IST" name="setUpClass" finished-at="2025-07-09T12:17:30 IST" duration-ms="10" status="PASS">
          <reporter-output>
          </reporter-output>
        </test-method> <!-- setUpClass -->
        <test-method signature="runScenario(io.cucumber.testng.PickleWrapper,io.cucumber.testng.FeatureWrapper)[pri:0, instance:scriptRunner.vasUpselAPIRunner@72a7c7e0]" started-at="2025-07-09T12:17:30 IST" name="runScenario" description="Runs Cucumber Scenarios" data-provider="scenarios" finished-at="2025-07-09T12:17:35 IST" duration-ms="4574" status="PASS">
          <params>
            <param index="0">
              <value>
                <![CDATA["Submit free time information with valid authorization and valid container number"]]>
              </value>
            </param>
            <param index="1">
              <value>
                <![CDATA["Optional[Free time API]"]]>
              </value>
            </param>
          </params>
          <reporter-output>
          </reporter-output>
        </test-method> <!-- runScenario -->
        <test-method signature="runScenario(io.cucumber.testng.PickleWrapper,io.cucumber.testng.FeatureWrapper)[pri:0, instance:scriptRunner.vasUpselAPIRunner@72a7c7e0]" started-at="2025-07-09T12:17:35 IST" name="runScenario" description="Runs Cucumber Scenarios" data-provider="scenarios" finished-at="2025-07-09T12:17:37 IST" duration-ms="2439" status="PASS">
          <params>
            <param index="0">
              <value>
                <![CDATA["Submit free time information with valid authorization and invalid container number"]]>
              </value>
            </param>
            <param index="1">
              <value>
                <![CDATA["Optional[Free time API]"]]>
              </value>
            </param>
          </params>
          <reporter-output>
          </reporter-output>
        </test-method> <!-- runScenario -->
        <test-method signature="runScenario(io.cucumber.testng.PickleWrapper,io.cucumber.testng.FeatureWrapper)[pri:0, instance:scriptRunner.vasUpselAPIRunner@72a7c7e0]" started-at="2025-07-09T12:17:37 IST" name="runScenario" description="Runs Cucumber Scenarios" data-provider="scenarios" finished-at="2025-07-09T12:17:37 IST" duration-ms="351" status="PASS">
          <params>
            <param index="0">
              <value>
                <![CDATA["Submit free time information with invalid authorization and container number"]]>
              </value>
            </param>
            <param index="1">
              <value>
                <![CDATA["Optional[Free time API]"]]>
              </value>
            </param>
          </params>
          <reporter-output>
          </reporter-output>
        </test-method> <!-- runScenario -->
        <test-method signature="runScenario(io.cucumber.testng.PickleWrapper,io.cucumber.testng.FeatureWrapper)[pri:0, instance:scriptRunner.vasUpselAPIRunner@72a7c7e0]" started-at="2025-07-09T12:17:37 IST" name="runScenario" description="Runs Cucumber Scenarios" data-provider="scenarios" finished-at="2025-07-09T12:17:42 IST" duration-ms="4979" status="PASS">
          <params>
            <param index="0">
              <value>
                <![CDATA["Submit free time information with valid authorization and valid container number for multiple data"]]>
              </value>
            </param>
            <param index="1">
              <value>
                <![CDATA["Optional[Free time API]"]]>
              </value>
            </param>
          </params>
          <reporter-output>
          </reporter-output>
        </test-method> <!-- runScenario -->
        <test-method signature="runScenario(io.cucumber.testng.PickleWrapper,io.cucumber.testng.FeatureWrapper)[pri:0, instance:scriptRunner.vasUpselAPIRunner@72a7c7e0]" started-at="2025-07-09T12:17:42 IST" name="runScenario" description="Runs Cucumber Scenarios" data-provider="scenarios" finished-at="2025-07-09T12:17:45 IST" duration-ms="3066" status="PASS">
          <params>
            <param index="0">
              <value>
                <![CDATA["Submit free time information with valid authorization and valid container number for multiple data"]]>
              </value>
            </param>
            <param index="1">
              <value>
                <![CDATA["Optional[Free time API]"]]>
              </value>
            </param>
          </params>
          <reporter-output>
          </reporter-output>
        </test-method> <!-- runScenario -->
        <test-method signature="runScenario(io.cucumber.testng.PickleWrapper,io.cucumber.testng.FeatureWrapper)[pri:0, instance:scriptRunner.vasUpselAPIRunner@72a7c7e0]" started-at="2025-07-09T12:17:45 IST" name="runScenario" description="Runs Cucumber Scenarios" data-provider="scenarios" finished-at="2025-07-09T12:17:48 IST" duration-ms="2458" status="PASS">
          <params>
            <param index="0">
              <value>
                <![CDATA["Submit free time information with valid authorization and valid container number for multiple data"]]>
              </value>
            </param>
            <param index="1">
              <value>
                <![CDATA["Optional[Free time API]"]]>
              </value>
            </param>
          </params>
          <reporter-output>
          </reporter-output>
        </test-method> <!-- runScenario -->
        <test-method is-config="true" signature="tearDownClass()[pri:0, instance:scriptRunner.vasUpselAPIRunner@72a7c7e0]" started-at="2025-07-09T12:17:48 IST" name="tearDownClass" finished-at="2025-07-09T12:17:50 IST" duration-ms="1940" status="PASS">
          <reporter-output>
          </reporter-output>
        </test-method> <!-- tearDownClass -->
      </class> <!-- scriptRunner.vasUpselAPIRunner -->
    </test> <!-- VAS Upsell API Tests -->
    <test started-at="2025-07-09T12:17:50 IST" name="Notification API Tests" finished-at="2025-07-09T12:18:01 IST" duration-ms="11048">
      <class name="scriptRunner.notificationAPIRunner">
        <test-method is-config="true" signature="setUpClass()[pri:0, instance:scriptRunner.notificationAPIRunner@17046283]" started-at="2025-07-09T12:17:50 IST" name="setUpClass" finished-at="2025-07-09T12:17:50 IST" duration-ms="14" status="PASS">
          <reporter-output>
          </reporter-output>
        </test-method> <!-- setUpClass -->
        <test-method signature="runScenario(io.cucumber.testng.PickleWrapper,io.cucumber.testng.FeatureWrapper)[pri:0, instance:scriptRunner.notificationAPIRunner@17046283]" started-at="2025-07-09T12:17:50 IST" name="runScenario" description="Runs Cucumber Scenarios" data-provider="scenarios" finished-at="2025-07-09T12:17:53 IST" duration-ms="3522" status="PASS">
          <params>
            <param index="0">
              <value>
                <![CDATA["Validate the Notification Preferences API for valid device ID"]]>
              </value>
            </param>
            <param index="1">
              <value>
                <![CDATA["Optional[Notifications API]"]]>
              </value>
            </param>
          </params>
          <reporter-output>
          </reporter-output>
        </test-method> <!-- runScenario -->
        <test-method signature="runScenario(io.cucumber.testng.PickleWrapper,io.cucumber.testng.FeatureWrapper)[pri:0, instance:scriptRunner.notificationAPIRunner@17046283]" started-at="2025-07-09T12:17:53 IST" name="runScenario" description="Runs Cucumber Scenarios" data-provider="scenarios" finished-at="2025-07-09T12:17:56 IST" duration-ms="2346" status="PASS">
          <params>
            <param index="0">
              <value>
                <![CDATA["Validate the Notification Preferences API for an invalid device ID"]]>
              </value>
            </param>
            <param index="1">
              <value>
                <![CDATA["Optional[Notifications API]"]]>
              </value>
            </param>
          </params>
          <reporter-output>
          </reporter-output>
        </test-method> <!-- runScenario -->
        <test-method signature="runScenario(io.cucumber.testng.PickleWrapper,io.cucumber.testng.FeatureWrapper)[pri:0, instance:scriptRunner.notificationAPIRunner@17046283]" started-at="2025-07-09T12:17:56 IST" name="runScenario" description="Runs Cucumber Scenarios" data-provider="scenarios" finished-at="2025-07-09T12:17:57 IST" duration-ms="1590" status="PASS">
          <params>
            <param index="0">
              <value>
                <![CDATA["Validate the Notification Preferences API for an invalid device ID"]]>
              </value>
            </param>
            <param index="1">
              <value>
                <![CDATA["Optional[Notifications API]"]]>
              </value>
            </param>
          </params>
          <reporter-output>
          </reporter-output>
        </test-method> <!-- runScenario -->
        <test-method signature="runScenario(io.cucumber.testng.PickleWrapper,io.cucumber.testng.FeatureWrapper)[pri:0, instance:scriptRunner.notificationAPIRunner@17046283]" started-at="2025-07-09T12:17:57 IST" name="runScenario" description="Runs Cucumber Scenarios" data-provider="scenarios" finished-at="2025-07-09T12:17:58 IST" duration-ms="1243" status="PASS">
          <params>
            <param index="0">
              <value>
                <![CDATA["Validate the Notification Preferences API for an unauthorized user"]]>
              </value>
            </param>
            <param index="1">
              <value>
                <![CDATA["Optional[Notifications API]"]]>
              </value>
            </param>
          </params>
          <reporter-output>
          </reporter-output>
        </test-method> <!-- runScenario -->
        <test-method is-config="true" signature="tearDownClass()[pri:0, instance:scriptRunner.notificationAPIRunner@17046283]" started-at="2025-07-09T12:17:58 IST" name="tearDownClass" finished-at="2025-07-09T12:18:01 IST" duration-ms="2330" status="PASS">
          <reporter-output>
          </reporter-output>
        </test-method> <!-- tearDownClass -->
      </class> <!-- scriptRunner.notificationAPIRunner -->
    </test> <!-- Notification API Tests -->
  </suite> <!-- Maersk BDD Suite -->
</testng-results>
